{"/Users/francescogarofalo/Desktop/Hack Reactor Main/project_atelier/config.js": {"path":"/Users/francescogarofalo/Desktop/Hack Reactor Main/project_atelier/config.js","statementMap":{"0":{"start":{"line":1,"column":16},"end":{"line":3,"column":1}},"1":{"start":{"line":5,"column":0},"end":{"line":7,"column":2}}},"fnMap":{},"branchMap":{},"s":{"0":1,"1":1},"f":{},"b":{},"_coverageSchema":"1a1c01bbd47fc00a2c39e90264f33305004495a9","hash":"6b3d2b264e23d252faef977b3f5d2d22415517c8"}
,"/Users/francescogarofalo/Desktop/Hack Reactor Main/project_atelier/public/src/App.jsx": {"path":"/Users/francescogarofalo/Desktop/Hack Reactor Main/project_atelier/public/src/App.jsx","statementMap":{"0":{"start":{"line":8,"column":14},"end":{"line":8,"column":30}},"1":{"start":{"line":11,"column":34},"end":{"line":11,"column":46}},"2":{"start":{"line":13,"column":2},"end":{"line":39,"column":9}},"3":{"start":{"line":14,"column":18},"end":{"line":37,"column":5}},"4":{"start":{"line":15,"column":23},"end":{"line":15,"column":76}},"5":{"start":{"line":16,"column":22},"end":{"line":16,"column":35}},"6":{"start":{"line":17,"column":23},"end":{"line":17,"column":25}},"7":{"start":{"line":18,"column":19},"end":{"line":18,"column":21}},"8":{"start":{"line":19,"column":6},"end":{"line":22,"column":7}},"9":{"start":{"line":19,"column":19},"end":{"line":19,"column":20}},"10":{"start":{"line":20,"column":23},"end":{"line":20,"column":33}},"11":{"start":{"line":21,"column":8},"end":{"line":21,"column":84}},"12":{"start":{"line":23,"column":19},"end":{"line":23,"column":46}},"13":{"start":{"line":24,"column":6},"end":{"line":26,"column":9}},"14":{"start":{"line":25,"column":8},"end":{"line":25,"column":40}},"15":{"start":{"line":27,"column":20},"end":{"line":27,"column":22}},"16":{"start":{"line":28,"column":6},"end":{"line":35,"column":7}},"17":{"start":{"line":28,"column":19},"end":{"line":28,"column":20}},"18":{"start":{"line":29,"column":8},"end":{"line":34,"column":11}},"19":{"start":{"line":36,"column":6},"end":{"line":36,"column":25}},"20":{"start":{"line":38,"column":4},"end":{"line":38,"column":12}},"21":{"start":{"line":41,"column":2},"end":{"line":64,"column":4}}},"fnMap":{"0":{"name":"App","decl":{"start":{"line":10,"column":9},"end":{"line":10,"column":12}},"loc":{"start":{"line":10,"column":15},"end":{"line":65,"column":1}},"line":10},"1":{"name":"(anonymous_1)","decl":{"start":{"line":13,"column":12},"end":{"line":13,"column":13}},"loc":{"start":{"line":13,"column":18},"end":{"line":39,"column":3}},"line":13},"2":{"name":"(anonymous_2)","decl":{"start":{"line":14,"column":18},"end":{"line":14,"column":19}},"loc":{"start":{"line":14,"column":30},"end":{"line":37,"column":5}},"line":14},"3":{"name":"(anonymous_3)","decl":{"start":{"line":24,"column":19},"end":{"line":24,"column":20}},"loc":{"start":{"line":24,"column":29},"end":{"line":26,"column":7}},"line":24}},"branchMap":{"0":{"loc":{"start":{"line":33,"column":15},"end":{"line":33,"column":157}},"type":"binary-expr","locations":[{"start":{"line":33,"column":15},"end":{"line":33,"column":59}},{"start":{"line":33,"column":63},"end":{"line":33,"column":157}}],"line":33}},"s":{"0":1,"1":2,"2":1,"3":1,"4":0,"5":0,"6":0,"7":0,"8":0,"9":0,"10":0,"11":0,"12":0,"13":0,"14":0,"15":0,"16":0,"17":0,"18":0,"19":0,"20":0,"21":1},"f":{"0":2,"1":1,"2":0,"3":0},"b":{"0":[0,0]},"_coverageSchema":"1a1c01bbd47fc00a2c39e90264f33305004495a9","hash":"b1a1317abdc47b0bdd38b0086390f253d52d1cd0"}
,"/Users/francescogarofalo/Desktop/Hack Reactor Main/project_atelier/public/src/Cart.jsx": {"path":"/Users/francescogarofalo/Desktop/Hack Reactor Main/project_atelier/public/src/Cart.jsx","statementMap":{"0":{"start":{"line":4,"column":2},"end":{"line":4,"column":42}}},"fnMap":{"0":{"name":"Cart","decl":{"start":{"line":3,"column":9},"end":{"line":3,"column":13}},"loc":{"start":{"line":3,"column":16},"end":{"line":5,"column":1}},"line":3}},"branchMap":{},"s":{"0":0},"f":{"0":0},"b":{},"_coverageSchema":"1a1c01bbd47fc00a2c39e90264f33305004495a9","hash":"73713bf338fad04743ef3d16d130656fae76b984"}
,"/Users/francescogarofalo/Desktop/Hack Reactor Main/project_atelier/public/src/Home.jsx": {"path":"/Users/francescogarofalo/Desktop/Hack Reactor Main/project_atelier/public/src/Home.jsx","statementMap":{"0":{"start":{"line":4,"column":13},"end":{"line":14,"column":1}},"1":{"start":{"line":5,"column":17},"end":{"line":5,"column":30}},"2":{"start":{"line":6,"column":22},"end":{"line":6,"column":50}},"3":{"start":{"line":6,"column":28},"end":{"line":6,"column":50}},"4":{"start":{"line":7,"column":2},"end":{"line":13,"column":4}}},"fnMap":{"0":{"name":"(anonymous_0)","decl":{"start":{"line":4,"column":13},"end":{"line":4,"column":14}},"loc":{"start":{"line":4,"column":19},"end":{"line":14,"column":1}},"line":4},"1":{"name":"(anonymous_1)","decl":{"start":{"line":6,"column":22},"end":{"line":6,"column":23}},"loc":{"start":{"line":6,"column":28},"end":{"line":6,"column":50}},"line":6}},"branchMap":{},"s":{"0":1,"1":1,"2":1,"3":0,"4":1},"f":{"0":1,"1":0},"b":{},"_coverageSchema":"1a1c01bbd47fc00a2c39e90264f33305004495a9","hash":"9b20b840d90a01120f8a6df6ebe488c546891a9e"}
,"/Users/francescogarofalo/Desktop/Hack Reactor Main/project_atelier/public/src/Magnifier.jsx": {"path":"/Users/francescogarofalo/Desktop/Hack Reactor Main/project_atelier/public/src/Magnifier.jsx","statementMap":{"0":{"start":{"line":4,"column":26},"end":{"line":4,"column":29}},"1":{"start":{"line":5,"column":24},"end":{"line":5,"column":27}},"2":{"start":{"line":6,"column":20},"end":{"line":6,"column":23}},"3":{"start":{"line":7,"column":26},"end":{"line":7,"column":42}},"4":{"start":{"line":8,"column":43},"end":{"line":8,"column":59}},"5":{"start":{"line":9,"column":44},"end":{"line":9,"column":59}},"6":{"start":{"line":10,"column":2},"end":{"line":76,"column":4}},"7":{"start":{"line":23,"column":23},"end":{"line":23,"column":38}},"8":{"start":{"line":24,"column":36},"end":{"line":24,"column":64}},"9":{"start":{"line":25,"column":10},"end":{"line":25,"column":35}},"10":{"start":{"line":26,"column":10},"end":{"line":26,"column":33}},"11":{"start":{"line":30,"column":23},"end":{"line":30,"column":38}},"12":{"start":{"line":31,"column":32},"end":{"line":31,"column":60}},"13":{"start":{"line":34,"column":20},"end":{"line":34,"column":55}},"14":{"start":{"line":35,"column":20},"end":{"line":35,"column":54}},"15":{"start":{"line":36,"column":10},"end":{"line":36,"column":24}},"16":{"start":{"line":40,"column":10},"end":{"line":40,"column":34}}},"fnMap":{"0":{"name":"Magnifier","decl":{"start":{"line":3,"column":9},"end":{"line":3,"column":18}},"loc":{"start":{"line":3,"column":43},"end":{"line":77,"column":1}},"line":3},"1":{"name":"(anonymous_1)","decl":{"start":{"line":21,"column":22},"end":{"line":21,"column":23}},"loc":{"start":{"line":21,"column":29},"end":{"line":27,"column":9}},"line":21},"2":{"name":"(anonymous_2)","decl":{"start":{"line":28,"column":21},"end":{"line":28,"column":22}},"loc":{"start":{"line":28,"column":28},"end":{"line":37,"column":9}},"line":28},"3":{"name":"(anonymous_3)","decl":{"start":{"line":38,"column":22},"end":{"line":38,"column":23}},"loc":{"start":{"line":38,"column":28},"end":{"line":41,"column":9}},"line":38}},"branchMap":{"0":{"loc":{"start":{"line":47,"column":19},"end":{"line":47,"column":46}},"type":"cond-expr","locations":[{"start":{"line":47,"column":35},"end":{"line":47,"column":37}},{"start":{"line":47,"column":40},"end":{"line":47,"column":46}}],"line":47}},"s":{"0":0,"1":0,"2":0,"3":0,"4":0,"5":0,"6":0,"7":0,"8":0,"9":0,"10":0,"11":0,"12":0,"13":0,"14":0,"15":0,"16":0},"f":{"0":0,"1":0,"2":0,"3":0},"b":{"0":[0,0]},"_coverageSchema":"1a1c01bbd47fc00a2c39e90264f33305004495a9","hash":"863c0eaa5274ee65b9ee13fb88d6f4ed9e58c53b"}
,"/Users/francescogarofalo/Desktop/Hack Reactor Main/project_atelier/public/src/Overview.jsx": {"path":"/Users/francescogarofalo/Desktop/Hack Reactor Main/project_atelier/public/src/Overview.jsx","statementMap":{"0":{"start":{"line":3,"column":14},"end":{"line":3,"column":30}},"1":{"start":{"line":8,"column":16},"end":{"line":8,"column":29}},"2":{"start":{"line":9,"column":29},"end":{"line":9,"column":43}},"3":{"start":{"line":10,"column":34},"end":{"line":10,"column":45}},"4":{"start":{"line":11,"column":48},"end":{"line":11,"column":59}},"5":{"start":{"line":12,"column":38},"end":{"line":12,"column":52}},"6":{"start":{"line":13,"column":30},"end":{"line":13,"column":41}},"7":{"start":{"line":14,"column":42},"end":{"line":14,"column":53}},"8":{"start":{"line":15,"column":28},"end":{"line":15,"column":42}},"9":{"start":{"line":16,"column":32},"end":{"line":16,"column":47}},"10":{"start":{"line":17,"column":32},"end":{"line":17,"column":53}},"11":{"start":{"line":18,"column":40},"end":{"line":18,"column":51}},"12":{"start":{"line":19,"column":36},"end":{"line":19,"column":50}},"13":{"start":{"line":20,"column":34},"end":{"line":20,"column":45}},"14":{"start":{"line":21,"column":32},"end":{"line":21,"column":47}},"15":{"start":{"line":22,"column":25},"end":{"line":22,"column":49}},"16":{"start":{"line":23,"column":25},"end":{"line":30,"column":3}},"17":{"start":{"line":32,"column":2},"end":{"line":76,"column":3}},"18":{"start":{"line":33,"column":4},"end":{"line":54,"column":5}},"19":{"start":{"line":34,"column":17},"end":{"line":34,"column":42}},"20":{"start":{"line":35,"column":19},"end":{"line":35,"column":30}},"21":{"start":{"line":36,"column":18},"end":{"line":36,"column":19}},"22":{"start":{"line":37,"column":18},"end":{"line":37,"column":19}},"23":{"start":{"line":38,"column":20},"end":{"line":38,"column":40}},"24":{"start":{"line":39,"column":6},"end":{"line":42,"column":7}},"25":{"start":{"line":40,"column":8},"end":{"line":40,"column":42}},"26":{"start":{"line":41,"column":8},"end":{"line":41,"column":41}},"27":{"start":{"line":43,"column":19},"end":{"line":43,"column":32}},"28":{"start":{"line":44,"column":20},"end":{"line":44,"column":59}},"29":{"start":{"line":45,"column":17},"end":{"line":45,"column":47}},"30":{"start":{"line":46,"column":6},"end":{"line":46,"column":32}},"31":{"start":{"line":47,"column":6},"end":{"line":47,"column":21}},"32":{"start":{"line":48,"column":6},"end":{"line":48,"column":57}},"33":{"start":{"line":49,"column":6},"end":{"line":49,"column":29}},"34":{"start":{"line":50,"column":6},"end":{"line":50,"column":25}},"35":{"start":{"line":51,"column":6},"end":{"line":51,"column":23}},"36":{"start":{"line":52,"column":6},"end":{"line":52,"column":28}},"37":{"start":{"line":53,"column":6},"end":{"line":53,"column":41}},"38":{"start":{"line":55,"column":4},"end":{"line":75,"column":5}},"39":{"start":{"line":56,"column":17},"end":{"line":56,"column":42}},"40":{"start":{"line":57,"column":19},"end":{"line":57,"column":30}},"41":{"start":{"line":58,"column":18},"end":{"line":58,"column":19}},"42":{"start":{"line":59,"column":18},"end":{"line":59,"column":19}},"43":{"start":{"line":60,"column":20},"end":{"line":60,"column":40}},"44":{"start":{"line":61,"column":6},"end":{"line":64,"column":7}},"45":{"start":{"line":62,"column":8},"end":{"line":62,"column":42}},"46":{"start":{"line":63,"column":8},"end":{"line":63,"column":41}},"47":{"start":{"line":65,"column":19},"end":{"line":65,"column":32}},"48":{"start":{"line":66,"column":20},"end":{"line":66,"column":59}},"49":{"start":{"line":67,"column":17},"end":{"line":67,"column":47}},"50":{"start":{"line":68,"column":6},"end":{"line":68,"column":32}},"51":{"start":{"line":69,"column":6},"end":{"line":69,"column":21}},"52":{"start":{"line":70,"column":6},"end":{"line":70,"column":57}},"53":{"start":{"line":71,"column":6},"end":{"line":71,"column":29}},"54":{"start":{"line":72,"column":6},"end":{"line":72,"column":25}},"55":{"start":{"line":73,"column":6},"end":{"line":73,"column":28}},"56":{"start":{"line":74,"column":6},"end":{"line":74,"column":41}},"57":{"start":{"line":78,"column":27},"end":{"line":83,"column":3}},"58":{"start":{"line":79,"column":14},"end":{"line":79,"column":29}},"59":{"start":{"line":80,"column":15},"end":{"line":80,"column":26}},"60":{"start":{"line":81,"column":4},"end":{"line":81,"column":19}},"61":{"start":{"line":82,"column":4},"end":{"line":82,"column":23}},"62":{"start":{"line":85,"column":31},"end":{"line":88,"column":3}},"63":{"start":{"line":86,"column":4},"end":{"line":86,"column":44}},"64":{"start":{"line":87,"column":4},"end":{"line":87,"column":37}},"65":{"start":{"line":90,"column":27},"end":{"line":97,"column":3}},"66":{"start":{"line":91,"column":19},"end":{"line":91,"column":95}},"67":{"start":{"line":91,"column":57},"end":{"line":91,"column":94}},"68":{"start":{"line":92,"column":4},"end":{"line":92,"column":26}},"69":{"start":{"line":93,"column":4},"end":{"line":93,"column":38}},"70":{"start":{"line":94,"column":4},"end":{"line":94,"column":32}},"71":{"start":{"line":95,"column":4},"end":{"line":95,"column":51}},"72":{"start":{"line":96,"column":4},"end":{"line":96,"column":19}},"73":{"start":{"line":99,"column":26},"end":{"line":102,"column":3}},"74":{"start":{"line":100,"column":4},"end":{"line":100,"column":30}},"75":{"start":{"line":101,"column":4},"end":{"line":101,"column":19}},"76":{"start":{"line":104,"column":25},"end":{"line":112,"column":3}},"77":{"start":{"line":105,"column":4},"end":{"line":111,"column":7}},"78":{"start":{"line":106,"column":6},"end":{"line":110,"column":7}},"79":{"start":{"line":107,"column":8},"end":{"line":107,"column":17}},"80":{"start":{"line":109,"column":8},"end":{"line":109,"column":32}},"81":{"start":{"line":114,"column":25},"end":{"line":123,"column":3}},"82":{"start":{"line":115,"column":14},"end":{"line":115,"column":61}},"83":{"start":{"line":116,"column":4},"end":{"line":122,"column":6}},"84":{"start":{"line":117,"column":6},"end":{"line":121,"column":7}},"85":{"start":{"line":118,"column":8},"end":{"line":118,"column":19}},"86":{"start":{"line":120,"column":8},"end":{"line":120,"column":32}},"87":{"start":{"line":125,"column":26},"end":{"line":130,"column":3}},"88":{"start":{"line":126,"column":15},"end":{"line":126,"column":67}},"89":{"start":{"line":127,"column":4},"end":{"line":129,"column":40}},"90":{"start":{"line":128,"column":19},"end":{"line":128,"column":22}},"91":{"start":{"line":129,"column":20},"end":{"line":129,"column":38}},"92":{"start":{"line":132,"column":30},"end":{"line":138,"column":3}},"93":{"start":{"line":133,"column":4},"end":{"line":137,"column":5}},"94":{"start":{"line":134,"column":6},"end":{"line":134,"column":41}},"95":{"start":{"line":136,"column":6},"end":{"line":136,"column":38}},"96":{"start":{"line":136,"column":28},"end":{"line":136,"column":36}},"97":{"start":{"line":140,"column":30},"end":{"line":146,"column":3}},"98":{"start":{"line":141,"column":4},"end":{"line":145,"column":5}},"99":{"start":{"line":142,"column":6},"end":{"line":142,"column":21}},"100":{"start":{"line":144,"column":6},"end":{"line":144,"column":38}},"101":{"start":{"line":144,"column":28},"end":{"line":144,"column":36}},"102":{"start":{"line":148,"column":2},"end":{"line":304,"column":114}},"103":{"start":{"line":149,"column":4},"end":{"line":166,"column":5}},"104":{"start":{"line":151,"column":6},"end":{"line":164,"column":12}},"105":{"start":{"line":153,"column":28},"end":{"line":153,"column":43}},"106":{"start":{"line":165,"column":6},"end":{"line":165,"column":24}},"107":{"start":{"line":167,"column":4},"end":{"line":303,"column":5}},"108":{"start":{"line":168,"column":23},"end":{"line":168,"column":57}},"109":{"start":{"line":169,"column":20},"end":{"line":169,"column":103}},"110":{"start":{"line":169,"column":40},"end":{"line":169,"column":54}},"111":{"start":{"line":170,"column":19},"end":{"line":170,"column":21}},"112":{"start":{"line":171,"column":6},"end":{"line":178,"column":7}},"113":{"start":{"line":171,"column":19},"end":{"line":171,"column":20}},"114":{"start":{"line":172,"column":20},"end":{"line":172,"column":47}},"115":{"start":{"line":173,"column":8},"end":{"line":177,"column":9}},"116":{"start":{"line":174,"column":10},"end":{"line":174,"column":126}},"117":{"start":{"line":176,"column":10},"end":{"line":176,"column":119}},"118":{"start":{"line":179,"column":19},"end":{"line":179,"column":21}},"119":{"start":{"line":180,"column":16},"end":{"line":180,"column":38}},"120":{"start":{"line":181,"column":6},"end":{"line":193,"column":7}},"121":{"start":{"line":181,"column":19},"end":{"line":181,"column":20}},"122":{"start":{"line":182,"column":17},"end":{"line":182,"column":32}},"123":{"start":{"line":183,"column":8},"end":{"line":192,"column":9}},"124":{"start":{"line":185,"column":10},"end":{"line":188,"column":16}},"125":{"start":{"line":189,"column":10},"end":{"line":189,"column":30}},"126":{"start":{"line":191,"column":10},"end":{"line":191,"column":145}},"127":{"start":{"line":195,"column":6},"end":{"line":203,"column":7}},"128":{"start":{"line":196,"column":8},"end":{"line":200,"column":14}},"129":{"start":{"line":202,"column":8},"end":{"line":202,"column":78}},"130":{"start":{"line":204,"column":18},"end":{"line":204,"column":20}},"131":{"start":{"line":206,"column":17},"end":{"line":206,"column":27}},"132":{"start":{"line":208,"column":6},"end":{"line":217,"column":7}},"133":{"start":{"line":209,"column":19},"end":{"line":209,"column":28}},"134":{"start":{"line":210,"column":8},"end":{"line":216,"column":9}},"135":{"start":{"line":211,"column":10},"end":{"line":215,"column":11}},"136":{"start":{"line":212,"column":12},"end":{"line":212,"column":187}},"137":{"start":{"line":214,"column":12},"end":{"line":214,"column":175}},"138":{"start":{"line":218,"column":6},"end":{"line":226,"column":7}},"139":{"start":{"line":219,"column":6},"end":{"line":219,"column":88}},"140":{"start":{"line":220,"column":8},"end":{"line":223,"column":14}},"141":{"start":{"line":225,"column":8},"end":{"line":225,"column":49}},"142":{"start":{"line":228,"column":6},"end":{"line":233,"column":13}},"143":{"start":{"line":235,"column":6},"end":{"line":235,"column":105}},"144":{"start":{"line":237,"column":6},"end":{"line":237,"column":125}},"145":{"start":{"line":238,"column":21},"end":{"line":238,"column":23}},"146":{"start":{"line":239,"column":6},"end":{"line":246,"column":7}},"147":{"start":{"line":239,"column":19},"end":{"line":239,"column":20}},"148":{"start":{"line":240,"column":22},"end":{"line":240,"column":49}},"149":{"start":{"line":241,"column":8},"end":{"line":245,"column":16}},"150":{"start":{"line":248,"column":6},"end":{"line":301,"column":9}},"151":{"start":{"line":302,"column":6},"end":{"line":302,"column":25}},"152":{"start":{"line":306,"column":2},"end":{"line":310,"column":4}}},"fnMap":{"0":{"name":"Overview","decl":{"start":{"line":5,"column":9},"end":{"line":5,"column":17}},"loc":{"start":{"line":5,"column":25},"end":{"line":311,"column":1}},"line":5},"1":{"name":"(anonymous_1)","decl":{"start":{"line":78,"column":27},"end":{"line":78,"column":28}},"loc":{"start":{"line":78,"column":33},"end":{"line":83,"column":3}},"line":78},"2":{"name":"(anonymous_2)","decl":{"start":{"line":85,"column":31},"end":{"line":85,"column":32}},"loc":{"start":{"line":85,"column":38},"end":{"line":88,"column":3}},"line":85},"3":{"name":"(anonymous_3)","decl":{"start":{"line":90,"column":27},"end":{"line":90,"column":28}},"loc":{"start":{"line":90,"column":34},"end":{"line":97,"column":3}},"line":90},"4":{"name":"(anonymous_4)","decl":{"start":{"line":91,"column":49},"end":{"line":91,"column":50}},"loc":{"start":{"line":91,"column":57},"end":{"line":91,"column":94}},"line":91},"5":{"name":"(anonymous_5)","decl":{"start":{"line":99,"column":26},"end":{"line":99,"column":27}},"loc":{"start":{"line":99,"column":33},"end":{"line":102,"column":3}},"line":99},"6":{"name":"(anonymous_6)","decl":{"start":{"line":104,"column":25},"end":{"line":104,"column":26}},"loc":{"start":{"line":104,"column":31},"end":{"line":112,"column":3}},"line":104},"7":{"name":"(anonymous_7)","decl":{"start":{"line":105,"column":16},"end":{"line":105,"column":17}},"loc":{"start":{"line":105,"column":34},"end":{"line":111,"column":5}},"line":105},"8":{"name":"(anonymous_8)","decl":{"start":{"line":114,"column":25},"end":{"line":114,"column":26}},"loc":{"start":{"line":114,"column":31},"end":{"line":123,"column":3}},"line":114},"9":{"name":"(anonymous_9)","decl":{"start":{"line":116,"column":16},"end":{"line":116,"column":17}},"loc":{"start":{"line":116,"column":34},"end":{"line":122,"column":5}},"line":116},"10":{"name":"(anonymous_10)","decl":{"start":{"line":125,"column":26},"end":{"line":125,"column":27}},"loc":{"start":{"line":125,"column":32},"end":{"line":130,"column":3}},"line":125},"11":{"name":"(anonymous_11)","decl":{"start":{"line":128,"column":12},"end":{"line":128,"column":13}},"loc":{"start":{"line":128,"column":19},"end":{"line":128,"column":22}},"line":128},"12":{"name":"(anonymous_12)","decl":{"start":{"line":129,"column":13},"end":{"line":129,"column":14}},"loc":{"start":{"line":129,"column":20},"end":{"line":129,"column":38}},"line":129},"13":{"name":"(anonymous_13)","decl":{"start":{"line":132,"column":30},"end":{"line":132,"column":31}},"loc":{"start":{"line":132,"column":36},"end":{"line":138,"column":3}},"line":132},"14":{"name":"(anonymous_14)","decl":{"start":{"line":136,"column":18},"end":{"line":136,"column":19}},"loc":{"start":{"line":136,"column":28},"end":{"line":136,"column":36}},"line":136},"15":{"name":"(anonymous_15)","decl":{"start":{"line":140,"column":30},"end":{"line":140,"column":31}},"loc":{"start":{"line":140,"column":36},"end":{"line":146,"column":3}},"line":140},"16":{"name":"(anonymous_16)","decl":{"start":{"line":144,"column":18},"end":{"line":144,"column":19}},"loc":{"start":{"line":144,"column":28},"end":{"line":144,"column":36}},"line":144},"17":{"name":"(anonymous_17)","decl":{"start":{"line":148,"column":12},"end":{"line":148,"column":13}},"loc":{"start":{"line":148,"column":18},"end":{"line":304,"column":3}},"line":148},"18":{"name":"(anonymous_18)","decl":{"start":{"line":153,"column":22},"end":{"line":153,"column":23}},"loc":{"start":{"line":153,"column":28},"end":{"line":153,"column":43}},"line":153},"19":{"name":"(anonymous_19)","decl":{"start":{"line":169,"column":34},"end":{"line":169,"column":35}},"loc":{"start":{"line":169,"column":40},"end":{"line":169,"column":54}},"line":169}},"branchMap":{"0":{"loc":{"start":{"line":32,"column":2},"end":{"line":76,"column":3}},"type":"if","locations":[{"start":{"line":32,"column":2},"end":{"line":76,"column":3}},{"start":{},"end":{}}],"line":32},"1":{"loc":{"start":{"line":33,"column":4},"end":{"line":54,"column":5}},"type":"if","locations":[{"start":{"line":33,"column":4},"end":{"line":54,"column":5}},{"start":{},"end":{}}],"line":33},"2":{"loc":{"start":{"line":55,"column":4},"end":{"line":75,"column":5}},"type":"if","locations":[{"start":{"line":55,"column":4},"end":{"line":75,"column":5}},{"start":{},"end":{}}],"line":55},"3":{"loc":{"start":{"line":106,"column":6},"end":{"line":110,"column":7}},"type":"if","locations":[{"start":{"line":106,"column":6},"end":{"line":110,"column":7}},{"start":{"line":108,"column":13},"end":{"line":110,"column":7}}],"line":106},"4":{"loc":{"start":{"line":117,"column":6},"end":{"line":121,"column":7}},"type":"if","locations":[{"start":{"line":117,"column":6},"end":{"line":121,"column":7}},{"start":{"line":119,"column":13},"end":{"line":121,"column":7}}],"line":117},"5":{"loc":{"start":{"line":133,"column":4},"end":{"line":137,"column":5}},"type":"if","locations":[{"start":{"line":133,"column":4},"end":{"line":137,"column":5}},{"start":{"line":135,"column":11},"end":{"line":137,"column":5}}],"line":133},"6":{"loc":{"start":{"line":141,"column":4},"end":{"line":145,"column":5}},"type":"if","locations":[{"start":{"line":141,"column":4},"end":{"line":145,"column":5}},{"start":{"line":143,"column":11},"end":{"line":145,"column":5}}],"line":141},"7":{"loc":{"start":{"line":149,"column":4},"end":{"line":166,"column":5}},"type":"if","locations":[{"start":{"line":149,"column":4},"end":{"line":166,"column":5}},{"start":{},"end":{}}],"line":149},"8":{"loc":{"start":{"line":149,"column":8},"end":{"line":149,"column":28}},"type":"binary-expr","locations":[{"start":{"line":149,"column":8},"end":{"line":149,"column":17}},{"start":{"line":149,"column":21},"end":{"line":149,"column":28}}],"line":149},"9":{"loc":{"start":{"line":167,"column":4},"end":{"line":303,"column":5}},"type":"if","locations":[{"start":{"line":167,"column":4},"end":{"line":303,"column":5}},{"start":{},"end":{}}],"line":167},"10":{"loc":{"start":{"line":167,"column":8},"end":{"line":167,"column":38}},"type":"binary-expr","locations":[{"start":{"line":167,"column":8},"end":{"line":167,"column":15}},{"start":{"line":167,"column":19},"end":{"line":167,"column":38}}],"line":167},"11":{"loc":{"start":{"line":173,"column":8},"end":{"line":177,"column":9}},"type":"if","locations":[{"start":{"line":173,"column":8},"end":{"line":177,"column":9}},{"start":{"line":175,"column":15},"end":{"line":177,"column":9}}],"line":173},"12":{"loc":{"start":{"line":183,"column":8},"end":{"line":192,"column":9}},"type":"if","locations":[{"start":{"line":183,"column":8},"end":{"line":192,"column":9}},{"start":{"line":190,"column":15},"end":{"line":192,"column":9}}],"line":183},"13":{"loc":{"start":{"line":195,"column":6},"end":{"line":203,"column":7}},"type":"if","locations":[{"start":{"line":195,"column":6},"end":{"line":203,"column":7}},{"start":{"line":201,"column":13},"end":{"line":203,"column":7}}],"line":195},"14":{"loc":{"start":{"line":210,"column":8},"end":{"line":216,"column":9}},"type":"if","locations":[{"start":{"line":210,"column":8},"end":{"line":216,"column":9}},{"start":{},"end":{}}],"line":210},"15":{"loc":{"start":{"line":211,"column":10},"end":{"line":215,"column":11}},"type":"if","locations":[{"start":{"line":211,"column":10},"end":{"line":215,"column":11}},{"start":{"line":213,"column":17},"end":{"line":215,"column":11}}],"line":211},"16":{"loc":{"start":{"line":218,"column":6},"end":{"line":226,"column":7}},"type":"if","locations":[{"start":{"line":218,"column":6},"end":{"line":226,"column":7}},{"start":{"line":224,"column":13},"end":{"line":226,"column":7}}],"line":218},"17":{"loc":{"start":{"line":235,"column":6},"end":{"line":235,"column":104}},"type":"cond-expr","locations":[{"start":{"line":235,"column":31},"end":{"line":235,"column":96}},{"start":{"line":235,"column":99},"end":{"line":235,"column":104}}],"line":235},"18":{"loc":{"start":{"line":237,"column":6},"end":{"line":237,"column":124}},"type":"cond-expr","locations":[{"start":{"line":237,"column":36},"end":{"line":237,"column":116}},{"start":{"line":237,"column":119},"end":{"line":237,"column":124}}],"line":237}},"s":{"0":2,"1":4,"2":3,"3":3,"4":3,"5":3,"6":3,"7":3,"8":3,"9":3,"10":3,"11":3,"12":3,"13":3,"14":3,"15":3,"16":3,"17":3,"18":2,"19":2,"20":0,"21":0,"22":0,"23":0,"24":0,"25":0,"26":0,"27":0,"28":0,"29":0,"30":0,"31":0,"32":0,"33":0,"34":0,"35":0,"36":0,"37":0,"38":0,"39":0,"40":0,"41":0,"42":0,"43":0,"44":0,"45":0,"46":0,"47":0,"48":0,"49":0,"50":0,"51":0,"52":0,"53":0,"54":0,"55":0,"56":0,"57":1,"58":0,"59":0,"60":0,"61":0,"62":1,"63":0,"64":0,"65":1,"66":0,"67":0,"68":0,"69":0,"70":0,"71":0,"72":0,"73":1,"74":0,"75":0,"76":1,"77":0,"78":0,"79":0,"80":0,"81":1,"82":0,"83":0,"84":0,"85":0,"86":0,"87":1,"88":0,"89":0,"90":0,"91":0,"92":1,"93":0,"94":0,"95":0,"96":0,"97":1,"98":0,"99":0,"100":0,"101":0,"102":1,"103":1,"104":0,"105":0,"106":0,"107":1,"108":0,"109":0,"110":0,"111":0,"112":0,"113":0,"114":0,"115":0,"116":0,"117":0,"118":0,"119":0,"120":0,"121":0,"122":0,"123":0,"124":0,"125":0,"126":0,"127":0,"128":0,"129":0,"130":0,"131":0,"132":0,"133":0,"134":0,"135":0,"136":0,"137":0,"138":0,"139":0,"140":0,"141":0,"142":0,"143":0,"144":0,"145":0,"146":0,"147":0,"148":0,"149":0,"150":0,"151":0,"152":1},"f":{"0":4,"1":0,"2":0,"3":0,"4":0,"5":0,"6":0,"7":0,"8":0,"9":0,"10":0,"11":0,"12":0,"13":0,"14":0,"15":0,"16":0,"17":1,"18":0,"19":0},"b":{"0":[2,1],"1":[2,0],"2":[0,0],"3":[0,0],"4":[0,0],"5":[0,0],"6":[0,0],"7":[0,1],"8":[1,0],"9":[0,1],"10":[1,0],"11":[0,0],"12":[0,0],"13":[0,0],"14":[0,0],"15":[0,0],"16":[0,0],"17":[0,0],"18":[0,0]},"_coverageSchema":"1a1c01bbd47fc00a2c39e90264f33305004495a9","hash":"40c63cdd8db2d633f0ddb3fdb8f06d2fc1e22830"}
,"/Users/francescogarofalo/Desktop/Hack Reactor Main/project_atelier/public/src/ProductDetail.jsx": {"path":"/Users/francescogarofalo/Desktop/Hack Reactor Main/project_atelier/public/src/ProductDetail.jsx","statementMap":{"0":{"start":{"line":7,"column":14},"end":{"line":7,"column":30}},"1":{"start":{"line":12,"column":37},"end":{"line":12,"column":49}},"2":{"start":{"line":13,"column":17},"end":{"line":13,"column":28}},"3":{"start":{"line":14,"column":36},"end":{"line":14,"column":48}},"4":{"start":{"line":17,"column":2},"end":{"line":37,"column":18}},"5":{"start":{"line":18,"column":21},"end":{"line":18,"column":23}},"6":{"start":{"line":19,"column":17},"end":{"line":19,"column":19}},"7":{"start":{"line":20,"column":22},"end":{"line":20,"column":271}},"8":{"start":{"line":21,"column":18},"end":{"line":35,"column":5}},"9":{"start":{"line":22,"column":6},"end":{"line":24,"column":7}},"10":{"start":{"line":22,"column":19},"end":{"line":22,"column":20}},"11":{"start":{"line":23,"column":8},"end":{"line":23,"column":73}},"12":{"start":{"line":25,"column":19},"end":{"line":25,"column":46}},"13":{"start":{"line":26,"column":6},"end":{"line":28,"column":9}},"14":{"start":{"line":27,"column":8},"end":{"line":27,"column":40}},"15":{"start":{"line":29,"column":20},"end":{"line":29,"column":22}},"16":{"start":{"line":30,"column":23},"end":{"line":30,"column":87}},"17":{"start":{"line":31,"column":6},"end":{"line":33,"column":9}},"18":{"start":{"line":32,"column":8},"end":{"line":32,"column":38}},"19":{"start":{"line":34,"column":6},"end":{"line":34,"column":23}},"20":{"start":{"line":36,"column":4},"end":{"line":36,"column":12}},"21":{"start":{"line":39,"column":2},"end":{"line":45,"column":4}}},"fnMap":{"0":{"name":"ProductDetail","decl":{"start":{"line":10,"column":9},"end":{"line":10,"column":22}},"loc":{"start":{"line":10,"column":25},"end":{"line":46,"column":1}},"line":10},"1":{"name":"(anonymous_1)","decl":{"start":{"line":17,"column":18},"end":{"line":17,"column":19}},"loc":{"start":{"line":17,"column":24},"end":{"line":37,"column":3}},"line":17},"2":{"name":"(anonymous_2)","decl":{"start":{"line":21,"column":18},"end":{"line":21,"column":19}},"loc":{"start":{"line":21,"column":30},"end":{"line":35,"column":5}},"line":21},"3":{"name":"(anonymous_3)","decl":{"start":{"line":26,"column":19},"end":{"line":26,"column":20}},"loc":{"start":{"line":26,"column":29},"end":{"line":28,"column":7}},"line":26},"4":{"name":"(anonymous_4)","decl":{"start":{"line":31,"column":21},"end":{"line":31,"column":22}},"loc":{"start":{"line":31,"column":38},"end":{"line":33,"column":7}},"line":31}},"branchMap":{},"s":{"0":1,"1":0,"2":0,"3":0,"4":0,"5":0,"6":0,"7":0,"8":0,"9":0,"10":0,"11":0,"12":0,"13":0,"14":0,"15":0,"16":0,"17":0,"18":0,"19":0,"20":0,"21":0},"f":{"0":0,"1":0,"2":0,"3":0,"4":0},"b":{},"_coverageSchema":"1a1c01bbd47fc00a2c39e90264f33305004495a9","hash":"6ea366069bd46fcc595a452e2f68eb5c141a770a"}
,"/Users/francescogarofalo/Desktop/Hack Reactor Main/project_atelier/public/src/Products.jsx": {"path":"/Users/francescogarofalo/Desktop/Hack Reactor Main/project_atelier/public/src/Products.jsx","statementMap":{"0":{"start":{"line":5,"column":19},"end":{"line":5,"column":32}},"1":{"start":{"line":6,"column":28},"end":{"line":8,"column":3}},"2":{"start":{"line":7,"column":4},"end":{"line":7,"column":27}},"3":{"start":{"line":9,"column":23},"end":{"line":9,"column":28}},"4":{"start":{"line":10,"column":17},"end":{"line":14,"column":4}},"5":{"start":{"line":11,"column":4},"end":{"line":13,"column":10}},"6":{"start":{"line":12,"column":26},"end":{"line":12,"column":52}},"7":{"start":{"line":16,"column":2},"end":{"line":22,"column":4}}},"fnMap":{"0":{"name":"Product","decl":{"start":{"line":4,"column":9},"end":{"line":4,"column":16}},"loc":{"start":{"line":4,"column":24},"end":{"line":23,"column":1}},"line":4},"1":{"name":"(anonymous_1)","decl":{"start":{"line":6,"column":28},"end":{"line":6,"column":29}},"loc":{"start":{"line":6,"column":39},"end":{"line":8,"column":3}},"line":6},"2":{"name":"(anonymous_2)","decl":{"start":{"line":10,"column":30},"end":{"line":10,"column":31}},"loc":{"start":{"line":11,"column":4},"end":{"line":13,"column":10}},"line":11},"3":{"name":"(anonymous_3)","decl":{"start":{"line":12,"column":20},"end":{"line":12,"column":21}},"loc":{"start":{"line":12,"column":26},"end":{"line":12,"column":52}},"line":12}},"branchMap":{},"s":{"0":0,"1":0,"2":0,"3":0,"4":0,"5":0,"6":0,"7":0},"f":{"0":0,"1":0,"2":0,"3":0},"b":{},"_coverageSchema":"1a1c01bbd47fc00a2c39e90264f33305004495a9","hash":"c0ac2e5b317a47e2d5b70abbfe3ddce7f0ea8919"}
,"/Users/francescogarofalo/Desktop/Hack Reactor Main/project_atelier/public/src/Q&A.jsx": {"path":"/Users/francescogarofalo/Desktop/Hack Reactor Main/project_atelier/public/src/Q&A.jsx","statementMap":{"0":{"start":{"line":3,"column":14},"end":{"line":3,"column":30}},"1":{"start":{"line":4,"column":20},"end":{"line":4,"column":46}},"2":{"start":{"line":7,"column":11},"end":{"line":236,"column":1}},"3":{"start":{"line":8,"column":18},"end":{"line":8,"column":41}},"4":{"start":{"line":10,"column":13},"end":{"line":10,"column":15}},"5":{"start":{"line":11,"column":31},"end":{"line":11,"column":42}},"6":{"start":{"line":12,"column":31},"end":{"line":12,"column":42}},"7":{"start":{"line":13,"column":30},"end":{"line":13,"column":45}},"8":{"start":{"line":14,"column":28},"end":{"line":14,"column":85}},"9":{"start":{"line":15,"column":44},"end":{"line":15,"column":56}},"10":{"start":{"line":17,"column":48},"end":{"line":17,"column":60}},"11":{"start":{"line":18,"column":48},"end":{"line":18,"column":60}},"12":{"start":{"line":19,"column":36},"end":{"line":19,"column":48}},"13":{"start":{"line":20,"column":36},"end":{"line":20,"column":48}},"14":{"start":{"line":24,"column":2},"end":{"line":37,"column":3}},"15":{"start":{"line":25,"column":4},"end":{"line":25,"column":45}},"16":{"start":{"line":29,"column":4},"end":{"line":36,"column":6}},"17":{"start":{"line":30,"column":17},"end":{"line":30,"column":19}},"18":{"start":{"line":31,"column":6},"end":{"line":33,"column":7}},"19":{"start":{"line":32,"column":8},"end":{"line":32,"column":42}},"20":{"start":{"line":34,"column":6},"end":{"line":34,"column":77}},"21":{"start":{"line":34,"column":23},"end":{"line":34,"column":76}},"22":{"start":{"line":35,"column":6},"end":{"line":35,"column":51}},"23":{"start":{"line":38,"column":2},"end":{"line":38,"column":106}},"24":{"start":{"line":38,"column":19},"end":{"line":38,"column":104}},"25":{"start":{"line":41,"column":15},"end":{"line":47,"column":3}},"26":{"start":{"line":42,"column":4},"end":{"line":46,"column":5}},"27":{"start":{"line":43,"column":6},"end":{"line":43,"column":20}},"28":{"start":{"line":45,"column":6},"end":{"line":45,"column":21}},"29":{"start":{"line":48,"column":15},"end":{"line":54,"column":3}},"30":{"start":{"line":49,"column":4},"end":{"line":53,"column":5}},"31":{"start":{"line":50,"column":6},"end":{"line":50,"column":65}},"32":{"start":{"line":50,"column":52},"end":{"line":50,"column":62}},"33":{"start":{"line":52,"column":6},"end":{"line":52,"column":41}},"34":{"start":{"line":52,"column":35},"end":{"line":52,"column":39}},"35":{"start":{"line":56,"column":21},"end":{"line":71,"column":3}},"36":{"start":{"line":57,"column":4},"end":{"line":70,"column":7}},"37":{"start":{"line":66,"column":6},"end":{"line":66,"column":28}},"38":{"start":{"line":69,"column":6},"end":{"line":69,"column":25}},"39":{"start":{"line":73,"column":23},"end":{"line":88,"column":3}},"40":{"start":{"line":74,"column":4},"end":{"line":87,"column":6}},"41":{"start":{"line":83,"column":6},"end":{"line":83,"column":28}},"42":{"start":{"line":86,"column":6},"end":{"line":86,"column":23}},"43":{"start":{"line":91,"column":20},"end":{"line":93,"column":3}},"44":{"start":{"line":92,"column":4},"end":{"line":92,"column":27}},"45":{"start":{"line":96,"column":4},"end":{"line":96,"column":27}},"46":{"start":{"line":99,"column":16},"end":{"line":101,"column":3}},"47":{"start":{"line":100,"column":4},"end":{"line":100,"column":15}},"48":{"start":{"line":103,"column":23},"end":{"line":109,"column":3}},"49":{"start":{"line":104,"column":18},"end":{"line":104,"column":32}},"50":{"start":{"line":105,"column":4},"end":{"line":108,"column":6}},"51":{"start":{"line":111,"column":26},"end":{"line":125,"column":3}},"52":{"start":{"line":112,"column":4},"end":{"line":123,"column":5}},"53":{"start":{"line":113,"column":6},"end":{"line":113,"column":57}},"54":{"start":{"line":113,"column":44},"end":{"line":113,"column":54}},"55":{"start":{"line":115,"column":6},"end":{"line":115,"column":50}},"56":{"start":{"line":115,"column":31},"end":{"line":115,"column":48}},"57":{"start":{"line":116,"column":6},"end":{"line":122,"column":8}},"58":{"start":{"line":118,"column":8},"end":{"line":118,"column":30}},"59":{"start":{"line":121,"column":8},"end":{"line":121,"column":25}},"60":{"start":{"line":127,"column":26},"end":{"line":140,"column":3}},"61":{"start":{"line":128,"column":4},"end":{"line":139,"column":5}},"62":{"start":{"line":129,"column":6},"end":{"line":129,"column":57}},"63":{"start":{"line":129,"column":44},"end":{"line":129,"column":54}},"64":{"start":{"line":131,"column":6},"end":{"line":131,"column":50}},"65":{"start":{"line":131,"column":31},"end":{"line":131,"column":48}},"66":{"start":{"line":132,"column":6},"end":{"line":138,"column":8}},"67":{"start":{"line":134,"column":8},"end":{"line":134,"column":30}},"68":{"start":{"line":137,"column":8},"end":{"line":137,"column":25}},"69":{"start":{"line":143,"column":30},"end":{"line":157,"column":3}},"70":{"start":{"line":144,"column":4},"end":{"line":155,"column":5}},"71":{"start":{"line":145,"column":6},"end":{"line":145,"column":69}},"72":{"start":{"line":145,"column":56},"end":{"line":145,"column":66}},"73":{"start":{"line":147,"column":6},"end":{"line":147,"column":56}},"74":{"start":{"line":147,"column":37},"end":{"line":147,"column":54}},"75":{"start":{"line":148,"column":6},"end":{"line":154,"column":8}},"76":{"start":{"line":150,"column":8},"end":{"line":150,"column":30}},"77":{"start":{"line":153,"column":8},"end":{"line":153,"column":25}},"78":{"start":{"line":159,"column":30},"end":{"line":172,"column":3}},"79":{"start":{"line":160,"column":4},"end":{"line":171,"column":5}},"80":{"start":{"line":161,"column":6},"end":{"line":161,"column":69}},"81":{"start":{"line":161,"column":56},"end":{"line":161,"column":66}},"82":{"start":{"line":163,"column":6},"end":{"line":163,"column":56}},"83":{"start":{"line":163,"column":37},"end":{"line":163,"column":54}},"84":{"start":{"line":164,"column":6},"end":{"line":170,"column":8}},"85":{"start":{"line":166,"column":8},"end":{"line":166,"column":30}},"86":{"start":{"line":169,"column":8},"end":{"line":169,"column":25}},"87":{"start":{"line":174,"column":2},"end":{"line":235,"column":4}},"88":{"start":{"line":179,"column":46},"end":{"line":215,"column":12}},"89":{"start":{"line":182,"column":209},"end":{"line":182,"column":250}},"90":{"start":{"line":182,"column":394},"end":{"line":182,"column":431}},"91":{"start":{"line":185,"column":33},"end":{"line":185,"column":59}},"92":{"start":{"line":196,"column":47},"end":{"line":196,"column":79}},"93":{"start":{"line":203,"column":12},"end":{"line":208,"column":18}},"94":{"start":{"line":206,"column":177},"end":{"line":206,"column":202}},"95":{"start":{"line":206,"column":314},"end":{"line":206,"column":335}},"96":{"start":{"line":230,"column":45},"end":{"line":230,"column":79}}},"fnMap":{"0":{"name":"(anonymous_0)","decl":{"start":{"line":7,"column":11},"end":{"line":7,"column":12}},"loc":{"start":{"line":7,"column":22},"end":{"line":236,"column":1}},"line":7},"1":{"name":"(anonymous_1)","decl":{"start":{"line":29,"column":30},"end":{"line":29,"column":31}},"loc":{"start":{"line":29,"column":40},"end":{"line":36,"column":5}},"line":29},"2":{"name":"(anonymous_2)","decl":{"start":{"line":34,"column":16},"end":{"line":34,"column":17}},"loc":{"start":{"line":34,"column":23},"end":{"line":34,"column":76}},"line":34},"3":{"name":"(anonymous_3)","decl":{"start":{"line":38,"column":12},"end":{"line":38,"column":13}},"loc":{"start":{"line":38,"column":19},"end":{"line":38,"column":104}},"line":38},"4":{"name":"(anonymous_4)","decl":{"start":{"line":41,"column":15},"end":{"line":41,"column":16}},"loc":{"start":{"line":41,"column":21},"end":{"line":47,"column":3}},"line":41},"5":{"name":"(anonymous_5)","decl":{"start":{"line":48,"column":15},"end":{"line":48,"column":16}},"loc":{"start":{"line":48,"column":23},"end":{"line":54,"column":3}},"line":48},"6":{"name":"(anonymous_6)","decl":{"start":{"line":50,"column":44},"end":{"line":50,"column":45}},"loc":{"start":{"line":50,"column":52},"end":{"line":50,"column":62}},"line":50},"7":{"name":"(anonymous_7)","decl":{"start":{"line":52,"column":23},"end":{"line":52,"column":24}},"loc":{"start":{"line":52,"column":35},"end":{"line":52,"column":39}},"line":52},"8":{"name":"(anonymous_8)","decl":{"start":{"line":56,"column":21},"end":{"line":56,"column":22}},"loc":{"start":{"line":56,"column":31},"end":{"line":71,"column":3}},"line":56},"9":{"name":"(anonymous_9)","decl":{"start":{"line":65,"column":10},"end":{"line":65,"column":11}},"loc":{"start":{"line":65,"column":30},"end":{"line":67,"column":5}},"line":65},"10":{"name":"(anonymous_10)","decl":{"start":{"line":68,"column":11},"end":{"line":68,"column":12}},"loc":{"start":{"line":68,"column":28},"end":{"line":70,"column":5}},"line":68},"11":{"name":"(anonymous_11)","decl":{"start":{"line":73,"column":23},"end":{"line":73,"column":24}},"loc":{"start":{"line":73,"column":33},"end":{"line":88,"column":3}},"line":73},"12":{"name":"(anonymous_12)","decl":{"start":{"line":82,"column":10},"end":{"line":82,"column":11}},"loc":{"start":{"line":82,"column":30},"end":{"line":84,"column":5}},"line":82},"13":{"name":"(anonymous_13)","decl":{"start":{"line":85,"column":11},"end":{"line":85,"column":12}},"loc":{"start":{"line":85,"column":26},"end":{"line":87,"column":5}},"line":85},"14":{"name":"(anonymous_14)","decl":{"start":{"line":91,"column":20},"end":{"line":91,"column":21}},"loc":{"start":{"line":91,"column":26},"end":{"line":93,"column":3}},"line":91},"15":{"name":"showMoreA","decl":{"start":{"line":95,"column":11},"end":{"line":95,"column":20}},"loc":{"start":{"line":95,"column":23},"end":{"line":97,"column":3}},"line":95},"16":{"name":"(anonymous_16)","decl":{"start":{"line":99,"column":16},"end":{"line":99,"column":17}},"loc":{"start":{"line":99,"column":22},"end":{"line":101,"column":3}},"line":99},"17":{"name":"(anonymous_17)","decl":{"start":{"line":103,"column":23},"end":{"line":103,"column":24}},"loc":{"start":{"line":103,"column":30},"end":{"line":109,"column":3}},"line":103},"18":{"name":"(anonymous_18)","decl":{"start":{"line":111,"column":26},"end":{"line":111,"column":27}},"loc":{"start":{"line":111,"column":34},"end":{"line":125,"column":3}},"line":111},"19":{"name":"(anonymous_19)","decl":{"start":{"line":113,"column":36},"end":{"line":113,"column":37}},"loc":{"start":{"line":113,"column":44},"end":{"line":113,"column":54}},"line":113},"20":{"name":"(anonymous_20)","decl":{"start":{"line":115,"column":19},"end":{"line":115,"column":20}},"loc":{"start":{"line":115,"column":31},"end":{"line":115,"column":48}},"line":115},"21":{"name":"(anonymous_21)","decl":{"start":{"line":117,"column":12},"end":{"line":117,"column":13}},"loc":{"start":{"line":117,"column":32},"end":{"line":119,"column":7}},"line":117},"22":{"name":"(anonymous_22)","decl":{"start":{"line":120,"column":13},"end":{"line":120,"column":14}},"loc":{"start":{"line":120,"column":28},"end":{"line":122,"column":7}},"line":120},"23":{"name":"(anonymous_23)","decl":{"start":{"line":127,"column":26},"end":{"line":127,"column":27}},"loc":{"start":{"line":127,"column":34},"end":{"line":140,"column":3}},"line":127},"24":{"name":"(anonymous_24)","decl":{"start":{"line":129,"column":36},"end":{"line":129,"column":37}},"loc":{"start":{"line":129,"column":44},"end":{"line":129,"column":54}},"line":129},"25":{"name":"(anonymous_25)","decl":{"start":{"line":131,"column":19},"end":{"line":131,"column":20}},"loc":{"start":{"line":131,"column":31},"end":{"line":131,"column":48}},"line":131},"26":{"name":"(anonymous_26)","decl":{"start":{"line":133,"column":12},"end":{"line":133,"column":13}},"loc":{"start":{"line":133,"column":32},"end":{"line":135,"column":7}},"line":133},"27":{"name":"(anonymous_27)","decl":{"start":{"line":136,"column":13},"end":{"line":136,"column":14}},"loc":{"start":{"line":136,"column":28},"end":{"line":138,"column":7}},"line":136},"28":{"name":"(anonymous_28)","decl":{"start":{"line":143,"column":30},"end":{"line":143,"column":31}},"loc":{"start":{"line":143,"column":38},"end":{"line":157,"column":3}},"line":143},"29":{"name":"(anonymous_29)","decl":{"start":{"line":145,"column":48},"end":{"line":145,"column":49}},"loc":{"start":{"line":145,"column":56},"end":{"line":145,"column":66}},"line":145},"30":{"name":"(anonymous_30)","decl":{"start":{"line":147,"column":25},"end":{"line":147,"column":26}},"loc":{"start":{"line":147,"column":37},"end":{"line":147,"column":54}},"line":147},"31":{"name":"(anonymous_31)","decl":{"start":{"line":149,"column":12},"end":{"line":149,"column":13}},"loc":{"start":{"line":149,"column":32},"end":{"line":151,"column":7}},"line":149},"32":{"name":"(anonymous_32)","decl":{"start":{"line":152,"column":13},"end":{"line":152,"column":14}},"loc":{"start":{"line":152,"column":28},"end":{"line":154,"column":7}},"line":152},"33":{"name":"(anonymous_33)","decl":{"start":{"line":159,"column":30},"end":{"line":159,"column":31}},"loc":{"start":{"line":159,"column":38},"end":{"line":172,"column":3}},"line":159},"34":{"name":"(anonymous_34)","decl":{"start":{"line":161,"column":48},"end":{"line":161,"column":49}},"loc":{"start":{"line":161,"column":56},"end":{"line":161,"column":66}},"line":161},"35":{"name":"(anonymous_35)","decl":{"start":{"line":163,"column":25},"end":{"line":163,"column":26}},"loc":{"start":{"line":163,"column":37},"end":{"line":163,"column":54}},"line":163},"36":{"name":"(anonymous_36)","decl":{"start":{"line":165,"column":12},"end":{"line":165,"column":13}},"loc":{"start":{"line":165,"column":32},"end":{"line":167,"column":7}},"line":165},"37":{"name":"(anonymous_37)","decl":{"start":{"line":168,"column":13},"end":{"line":168,"column":14}},"loc":{"start":{"line":168,"column":28},"end":{"line":170,"column":7}},"line":168},"38":{"name":"(anonymous_38)","decl":{"start":{"line":179,"column":41},"end":{"line":179,"column":42}},"loc":{"start":{"line":179,"column":46},"end":{"line":215,"column":12}},"line":179},"39":{"name":"(anonymous_39)","decl":{"start":{"line":182,"column":205},"end":{"line":182,"column":206}},"loc":{"start":{"line":182,"column":209},"end":{"line":182,"column":250}},"line":182},"40":{"name":"(anonymous_40)","decl":{"start":{"line":182,"column":390},"end":{"line":182,"column":391}},"loc":{"start":{"line":182,"column":394},"end":{"line":182,"column":431}},"line":182},"41":{"name":"(anonymous_41)","decl":{"start":{"line":185,"column":29},"end":{"line":185,"column":30}},"loc":{"start":{"line":185,"column":33},"end":{"line":185,"column":59}},"line":185},"42":{"name":"(anonymous_42)","decl":{"start":{"line":196,"column":43},"end":{"line":196,"column":44}},"loc":{"start":{"line":196,"column":47},"end":{"line":196,"column":79}},"line":196},"43":{"name":"(anonymous_43)","decl":{"start":{"line":202,"column":50},"end":{"line":202,"column":51}},"loc":{"start":{"line":203,"column":12},"end":{"line":208,"column":18}},"line":203},"44":{"name":"(anonymous_44)","decl":{"start":{"line":206,"column":173},"end":{"line":206,"column":174}},"loc":{"start":{"line":206,"column":177},"end":{"line":206,"column":202}},"line":206},"45":{"name":"(anonymous_45)","decl":{"start":{"line":206,"column":310},"end":{"line":206,"column":311}},"loc":{"start":{"line":206,"column":314},"end":{"line":206,"column":335}},"line":206},"46":{"name":"(anonymous_46)","decl":{"start":{"line":230,"column":41},"end":{"line":230,"column":42}},"loc":{"start":{"line":230,"column":45},"end":{"line":230,"column":79}},"line":230}},"branchMap":{"0":{"loc":{"start":{"line":24,"column":2},"end":{"line":37,"column":3}},"type":"if","locations":[{"start":{"line":24,"column":2},"end":{"line":37,"column":3}},{"start":{"line":27,"column":9},"end":{"line":37,"column":3}}],"line":24},"1":{"loc":{"start":{"line":42,"column":4},"end":{"line":46,"column":5}},"type":"if","locations":[{"start":{"line":42,"column":4},"end":{"line":46,"column":5}},{"start":{"line":44,"column":11},"end":{"line":46,"column":5}}],"line":42},"2":{"loc":{"start":{"line":49,"column":4},"end":{"line":53,"column":5}},"type":"if","locations":[{"start":{"line":49,"column":4},"end":{"line":53,"column":5}},{"start":{"line":51,"column":11},"end":{"line":53,"column":5}}],"line":49},"3":{"loc":{"start":{"line":112,"column":4},"end":{"line":123,"column":5}},"type":"if","locations":[{"start":{"line":112,"column":4},"end":{"line":123,"column":5}},{"start":{"line":114,"column":11},"end":{"line":123,"column":5}}],"line":112},"4":{"loc":{"start":{"line":128,"column":4},"end":{"line":139,"column":5}},"type":"if","locations":[{"start":{"line":128,"column":4},"end":{"line":139,"column":5}},{"start":{"line":130,"column":11},"end":{"line":139,"column":5}}],"line":128},"5":{"loc":{"start":{"line":144,"column":4},"end":{"line":155,"column":5}},"type":"if","locations":[{"start":{"line":144,"column":4},"end":{"line":155,"column":5}},{"start":{"line":146,"column":11},"end":{"line":155,"column":5}}],"line":144},"6":{"loc":{"start":{"line":160,"column":4},"end":{"line":171,"column":5}},"type":"if","locations":[{"start":{"line":160,"column":4},"end":{"line":171,"column":5}},{"start":{"line":162,"column":11},"end":{"line":171,"column":5}}],"line":160},"7":{"loc":{"start":{"line":177,"column":7},"end":{"line":177,"column":42}},"type":"binary-expr","locations":[{"start":{"line":177,"column":7},"end":{"line":177,"column":31}},{"start":{"line":177,"column":35},"end":{"line":177,"column":42}}],"line":177},"8":{"loc":{"start":{"line":182,"column":124},"end":{"line":182,"column":265}},"type":"binary-expr","locations":[{"start":{"line":182,"column":124},"end":{"line":182,"column":171}},{"start":{"line":182,"column":174},"end":{"line":182,"column":265}}],"line":182},"9":{"loc":{"start":{"line":182,"column":328},"end":{"line":182,"column":450}},"type":"binary-expr","locations":[{"start":{"line":182,"column":328},"end":{"line":182,"column":369}},{"start":{"line":182,"column":373},"end":{"line":182,"column":450}}],"line":182},"10":{"loc":{"start":{"line":186,"column":19},"end":{"line":197,"column":17}},"type":"binary-expr","locations":[{"start":{"line":186,"column":19},"end":{"line":186,"column":63}},{"start":{"line":187,"column":12},"end":{"line":197,"column":17}}],"line":186},"11":{"loc":{"start":{"line":206,"column":107},"end":{"line":206,"column":217}},"type":"binary-expr","locations":[{"start":{"line":206,"column":107},"end":{"line":206,"column":138}},{"start":{"line":206,"column":142},"end":{"line":206,"column":217}}],"line":206},"12":{"loc":{"start":{"line":206,"column":264},"end":{"line":206,"column":354}},"type":"binary-expr","locations":[{"start":{"line":206,"column":264},"end":{"line":206,"column":289}},{"start":{"line":206,"column":293},"end":{"line":206,"column":354}}],"line":206},"13":{"loc":{"start":{"line":212,"column":17},"end":{"line":212,"column":131}},"type":"binary-expr","locations":[{"start":{"line":212,"column":18},"end":{"line":212,"column":38}},{"start":{"line":212,"column":42},"end":{"line":212,"column":70}},{"start":{"line":212,"column":75},"end":{"line":212,"column":131}}],"line":212},"14":{"loc":{"start":{"line":213,"column":17},"end":{"line":213,"column":127}},"type":"binary-expr","locations":[{"start":{"line":213,"column":18},"end":{"line":213,"column":38}},{"start":{"line":213,"column":42},"end":{"line":213,"column":71}},{"start":{"line":213,"column":76},"end":{"line":213,"column":127}}],"line":213},"15":{"loc":{"start":{"line":218,"column":9},"end":{"line":218,"column":92}},"type":"binary-expr","locations":[{"start":{"line":218,"column":9},"end":{"line":218,"column":32}},{"start":{"line":218,"column":36},"end":{"line":218,"column":92}}],"line":218},"16":{"loc":{"start":{"line":221,"column":12},"end":{"line":231,"column":15}},"type":"binary-expr","locations":[{"start":{"line":221,"column":12},"end":{"line":221,"column":29}},{"start":{"line":222,"column":8},"end":{"line":231,"column":15}}],"line":221}},"s":{"0":1,"1":1,"2":1,"3":0,"4":0,"5":0,"6":0,"7":0,"8":0,"9":0,"10":0,"11":0,"12":0,"13":0,"14":0,"15":0,"16":0,"17":0,"18":0,"19":0,"20":0,"21":0,"22":0,"23":0,"24":0,"25":0,"26":0,"27":0,"28":0,"29":0,"30":0,"31":0,"32":0,"33":0,"34":0,"35":0,"36":0,"37":0,"38":0,"39":0,"40":0,"41":0,"42":0,"43":0,"44":0,"45":0,"46":0,"47":0,"48":0,"49":0,"50":0,"51":0,"52":0,"53":0,"54":0,"55":0,"56":0,"57":0,"58":0,"59":0,"60":0,"61":0,"62":0,"63":0,"64":0,"65":0,"66":0,"67":0,"68":0,"69":0,"70":0,"71":0,"72":0,"73":0,"74":0,"75":0,"76":0,"77":0,"78":0,"79":0,"80":0,"81":0,"82":0,"83":0,"84":0,"85":0,"86":0,"87":0,"88":0,"89":0,"90":0,"91":0,"92":0,"93":0,"94":0,"95":0,"96":0},"f":{"0":0,"1":0,"2":0,"3":0,"4":0,"5":0,"6":0,"7":0,"8":0,"9":0,"10":0,"11":0,"12":0,"13":0,"14":0,"15":0,"16":0,"17":0,"18":0,"19":0,"20":0,"21":0,"22":0,"23":0,"24":0,"25":0,"26":0,"27":0,"28":0,"29":0,"30":0,"31":0,"32":0,"33":0,"34":0,"35":0,"36":0,"37":0,"38":0,"39":0,"40":0,"41":0,"42":0,"43":0,"44":0,"45":0,"46":0},"b":{"0":[0,0],"1":[0,0],"2":[0,0],"3":[0,0],"4":[0,0],"5":[0,0],"6":[0,0],"7":[0,0],"8":[0,0],"9":[0,0],"10":[0,0],"11":[0,0],"12":[0,0],"13":[0,0,0],"14":[0,0,0],"15":[0,0],"16":[0,0]},"_coverageSchema":"1a1c01bbd47fc00a2c39e90264f33305004495a9","hash":"b184ce81c1e5a268c4a3b6f60944795fe0967d39"}
,"/Users/francescogarofalo/Desktop/Hack Reactor Main/project_atelier/public/src/Related.jsx": {"path":"/Users/francescogarofalo/Desktop/Hack Reactor Main/project_atelier/public/src/Related.jsx","statementMap":{"0":{"start":{"line":4,"column":21},"end":{"line":4,"column":106}},"1":{"start":{"line":11,"column":16},"end":{"line":206,"column":1}},"2":{"start":{"line":13,"column":48},"end":{"line":13,"column":60}},"3":{"start":{"line":14,"column":54},"end":{"line":14,"column":65}},"4":{"start":{"line":15,"column":50},"end":{"line":15,"column":61}},"5":{"start":{"line":17,"column":46},"end":{"line":17,"column":111}},"6":{"start":{"line":18,"column":52},"end":{"line":18,"column":63}},"7":{"start":{"line":19,"column":48},"end":{"line":19,"column":59}},"8":{"start":{"line":20,"column":21},"end":{"line":20,"column":34}},"9":{"start":{"line":21,"column":4},"end":{"line":41,"column":38}},"10":{"start":{"line":23,"column":8},"end":{"line":40,"column":9}},"11":{"start":{"line":24,"column":24},"end":{"line":24,"column":45}},"12":{"start":{"line":25,"column":28},"end":{"line":25,"column":30}},"13":{"start":{"line":26,"column":10},"end":{"line":32,"column":13}},"14":{"start":{"line":28,"column":12},"end":{"line":28,"column":91}},"15":{"start":{"line":30,"column":12},"end":{"line":30,"column":106}},"16":{"start":{"line":31,"column":12},"end":{"line":31,"column":98}},"17":{"start":{"line":33,"column":10},"end":{"line":38,"column":12}},"18":{"start":{"line":35,"column":32},"end":{"line":35,"column":51}},"19":{"start":{"line":37,"column":12},"end":{"line":37,"column":45}},"20":{"start":{"line":39,"column":10},"end":{"line":39,"column":79}},"21":{"start":{"line":43,"column":4},"end":{"line":93,"column":6}},"22":{"start":{"line":66,"column":69},"end":{"line":66,"column":106}},"23":{"start":{"line":71,"column":90},"end":{"line":71,"column":127}},"24":{"start":{"line":78,"column":68},"end":{"line":78,"column":104}},"25":{"start":{"line":87,"column":88},"end":{"line":87,"column":124}},"26":{"start":{"line":98,"column":6},"end":{"line":109,"column":8}},"27":{"start":{"line":99,"column":8},"end":{"line":108,"column":9}},"28":{"start":{"line":100,"column":57},"end":{"line":100,"column":86}},"29":{"start":{"line":112,"column":6},"end":{"line":126,"column":8}},"30":{"start":{"line":113,"column":8},"end":{"line":125,"column":9}},"31":{"start":{"line":121,"column":40},"end":{"line":121,"column":73}},"32":{"start":{"line":129,"column":7},"end":{"line":135,"column":7}},"33":{"start":{"line":131,"column":8},"end":{"line":134,"column":9}},"34":{"start":{"line":132,"column":10},"end":{"line":132,"column":56}},"35":{"start":{"line":132,"column":43},"end":{"line":132,"column":54}},"36":{"start":{"line":133,"column":10},"end":{"line":133,"column":53}},"37":{"start":{"line":133,"column":40},"end":{"line":133,"column":51}},"38":{"start":{"line":136,"column":6},"end":{"line":142,"column":7}},"39":{"start":{"line":138,"column":8},"end":{"line":141,"column":9}},"40":{"start":{"line":139,"column":10},"end":{"line":139,"column":56}},"41":{"start":{"line":139,"column":43},"end":{"line":139,"column":54}},"42":{"start":{"line":140,"column":10},"end":{"line":140,"column":53}},"43":{"start":{"line":140,"column":40},"end":{"line":140,"column":51}},"44":{"start":{"line":143,"column":6},"end":{"line":149,"column":7}},"45":{"start":{"line":145,"column":8},"end":{"line":148,"column":9}},"46":{"start":{"line":146,"column":10},"end":{"line":146,"column":55}},"47":{"start":{"line":146,"column":42},"end":{"line":146,"column":53}},"48":{"start":{"line":147,"column":10},"end":{"line":147,"column":52}},"49":{"start":{"line":147,"column":39},"end":{"line":147,"column":50}},"50":{"start":{"line":150,"column":6},"end":{"line":156,"column":7}},"51":{"start":{"line":152,"column":8},"end":{"line":155,"column":9}},"52":{"start":{"line":153,"column":10},"end":{"line":153,"column":55}},"53":{"start":{"line":153,"column":42},"end":{"line":153,"column":53}},"54":{"start":{"line":154,"column":10},"end":{"line":154,"column":52}},"55":{"start":{"line":154,"column":39},"end":{"line":154,"column":50}},"56":{"start":{"line":161,"column":6},"end":{"line":161,"column":37}},"57":{"start":{"line":162,"column":6},"end":{"line":162,"column":31}},"58":{"start":{"line":167,"column":27},"end":{"line":167,"column":48}},"59":{"start":{"line":168,"column":26},"end":{"line":168,"column":47}},"60":{"start":{"line":169,"column":25},"end":{"line":169,"column":45}},"61":{"start":{"line":172,"column":16},"end":{"line":174,"column":7}},"62":{"start":{"line":175,"column":19},"end":{"line":177,"column":7}},"63":{"start":{"line":178,"column":18},"end":{"line":180,"column":7}},"64":{"start":{"line":181,"column":20},"end":{"line":181,"column":40}},"65":{"start":{"line":182,"column":26},"end":{"line":182,"column":48}},"66":{"start":{"line":184,"column":26},"end":{"line":184,"column":59}},"67":{"start":{"line":185,"column":28},"end":{"line":190,"column":8}},"68":{"start":{"line":186,"column":24},"end":{"line":186,"column":46}},"69":{"start":{"line":187,"column":8},"end":{"line":189,"column":11}},"70":{"start":{"line":188,"column":10},"end":{"line":188,"column":49}},"71":{"start":{"line":192,"column":6},"end":{"line":192,"column":38}},"72":{"start":{"line":196,"column":17},"end":{"line":196,"column":35}},"73":{"start":{"line":197,"column":6},"end":{"line":201,"column":7}},"74":{"start":{"line":197,"column":18},"end":{"line":197,"column":19}},"75":{"start":{"line":198,"column":8},"end":{"line":200,"column":9}},"76":{"start":{"line":199,"column":10},"end":{"line":199,"column":27}},"77":{"start":{"line":202,"column":6},"end":{"line":202,"column":29}},"78":{"start":{"line":210,"column":15},"end":{"line":210,"column":17}},"79":{"start":{"line":211,"column":4},"end":{"line":228,"column":5}},"80":{"start":{"line":211,"column":16},"end":{"line":211,"column":17}},"81":{"start":{"line":212,"column":25},"end":{"line":212,"column":58}},"82":{"start":{"line":213,"column":25},"end":{"line":213,"column":95}},"83":{"start":{"line":214,"column":21},"end":{"line":214,"column":24}},"84":{"start":{"line":217,"column":20},"end":{"line":225,"column":7}},"85":{"start":{"line":227,"column":6},"end":{"line":227,"column":25}},"86":{"start":{"line":230,"column":4},"end":{"line":230,"column":16}},"87":{"start":{"line":235,"column":16},"end":{"line":235,"column":27}},"88":{"start":{"line":236,"column":19},"end":{"line":236,"column":20}},"89":{"start":{"line":237,"column":21},"end":{"line":237,"column":22}},"90":{"start":{"line":238,"column":2},"end":{"line":243,"column":3}},"91":{"start":{"line":239,"column":25},"end":{"line":239,"column":53}},"92":{"start":{"line":240,"column":4},"end":{"line":240,"column":35}},"93":{"start":{"line":241,"column":21},"end":{"line":241,"column":47}},"94":{"start":{"line":242,"column":4},"end":{"line":242,"column":29}},"95":{"start":{"line":244,"column":16},"end":{"line":244,"column":39}},"96":{"start":{"line":245,"column":23},"end":{"line":245,"column":63}},"97":{"start":{"line":247,"column":2},"end":{"line":247,"column":24}},"98":{"start":{"line":252,"column":17},"end":{"line":252,"column":31}},"99":{"start":{"line":253,"column":15},"end":{"line":253,"column":27}},"100":{"start":{"line":254,"column":19},"end":{"line":254,"column":40}},"101":{"start":{"line":255,"column":2},"end":{"line":277,"column":3}},"102":{"start":{"line":259,"column":10},"end":{"line":273,"column":11}},"103":{"start":{"line":281,"column":14},"end":{"line":281,"column":40}},"104":{"start":{"line":282,"column":14},"end":{"line":282,"column":32}},"105":{"start":{"line":283,"column":16},"end":{"line":283,"column":30}},"106":{"start":{"line":285,"column":2},"end":{"line":287,"column":3}},"107":{"start":{"line":285,"column":14},"end":{"line":285,"column":15}},"108":{"start":{"line":286,"column":4},"end":{"line":286,"column":22}},"109":{"start":{"line":288,"column":28},"end":{"line":292,"column":3}},"110":{"start":{"line":293,"column":19},"end":{"line":293,"column":47}},"111":{"start":{"line":294,"column":2},"end":{"line":294,"column":28}},"112":{"start":{"line":296,"column":2},"end":{"line":296,"column":15}}},"fnMap":{"0":{"name":"(anonymous_0)","decl":{"start":{"line":11,"column":16},"end":{"line":11,"column":17}},"loc":{"start":{"line":11,"column":26},"end":{"line":206,"column":1}},"line":11},"1":{"name":"(anonymous_1)","decl":{"start":{"line":21,"column":14},"end":{"line":21,"column":15}},"loc":{"start":{"line":21,"column":18},"end":{"line":41,"column":5}},"line":21},"2":{"name":"(anonymous_2)","decl":{"start":{"line":26,"column":26},"end":{"line":26,"column":27}},"loc":{"start":{"line":26,"column":41},"end":{"line":32,"column":11}},"line":26},"3":{"name":"(anonymous_3)","decl":{"start":{"line":33,"column":40},"end":{"line":33,"column":41}},"loc":{"start":{"line":33,"column":51},"end":{"line":38,"column":11}},"line":33},"4":{"name":"(anonymous_4)","decl":{"start":{"line":66,"column":65},"end":{"line":66,"column":66}},"loc":{"start":{"line":66,"column":69},"end":{"line":66,"column":106}},"line":66},"5":{"name":"(anonymous_5)","decl":{"start":{"line":71,"column":86},"end":{"line":71,"column":87}},"loc":{"start":{"line":71,"column":90},"end":{"line":71,"column":127}},"line":71},"6":{"name":"(anonymous_6)","decl":{"start":{"line":78,"column":64},"end":{"line":78,"column":65}},"loc":{"start":{"line":78,"column":68},"end":{"line":78,"column":104}},"line":78},"7":{"name":"(anonymous_7)","decl":{"start":{"line":87,"column":84},"end":{"line":87,"column":85}},"loc":{"start":{"line":87,"column":88},"end":{"line":87,"column":124}},"line":87},"8":{"name":"relatedEntriesMapped","decl":{"start":{"line":95,"column":13},"end":{"line":95,"column":33}},"loc":{"start":{"line":95,"column":69},"end":{"line":110,"column":5}},"line":95},"9":{"name":"(anonymous_9)","decl":{"start":{"line":98,"column":75},"end":{"line":98,"column":76}},"loc":{"start":{"line":98,"column":88},"end":{"line":109,"column":7}},"line":98},"10":{"name":"(anonymous_10)","decl":{"start":{"line":100,"column":51},"end":{"line":100,"column":52}},"loc":{"start":{"line":100,"column":57},"end":{"line":100,"column":86}},"line":100},"11":{"name":"outfitEntriesMapped","decl":{"start":{"line":111,"column":13},"end":{"line":111,"column":32}},"loc":{"start":{"line":111,"column":66},"end":{"line":127,"column":5}},"line":111},"12":{"name":"(anonymous_12)","decl":{"start":{"line":112,"column":73},"end":{"line":112,"column":74}},"loc":{"start":{"line":112,"column":89},"end":{"line":126,"column":7}},"line":112},"13":{"name":"(anonymous_13)","decl":{"start":{"line":121,"column":36},"end":{"line":121,"column":37}},"loc":{"start":{"line":121,"column":40},"end":{"line":121,"column":73}},"line":121},"14":{"name":"changeIndex","decl":{"start":{"line":128,"column":13},"end":{"line":128,"column":24}},"loc":{"start":{"line":128,"column":49},"end":{"line":158,"column":5}},"line":128},"15":{"name":"(anonymous_15)","decl":{"start":{"line":132,"column":31},"end":{"line":132,"column":32}},"loc":{"start":{"line":132,"column":43},"end":{"line":132,"column":54}},"line":132},"16":{"name":"(anonymous_16)","decl":{"start":{"line":133,"column":29},"end":{"line":133,"column":30}},"loc":{"start":{"line":133,"column":40},"end":{"line":133,"column":51}},"line":133},"17":{"name":"(anonymous_17)","decl":{"start":{"line":139,"column":31},"end":{"line":139,"column":32}},"loc":{"start":{"line":139,"column":43},"end":{"line":139,"column":54}},"line":139},"18":{"name":"(anonymous_18)","decl":{"start":{"line":140,"column":29},"end":{"line":140,"column":30}},"loc":{"start":{"line":140,"column":40},"end":{"line":140,"column":51}},"line":140},"19":{"name":"(anonymous_19)","decl":{"start":{"line":146,"column":30},"end":{"line":146,"column":31}},"loc":{"start":{"line":146,"column":42},"end":{"line":146,"column":53}},"line":146},"20":{"name":"(anonymous_20)","decl":{"start":{"line":147,"column":28},"end":{"line":147,"column":29}},"loc":{"start":{"line":147,"column":39},"end":{"line":147,"column":50}},"line":147},"21":{"name":"(anonymous_21)","decl":{"start":{"line":153,"column":30},"end":{"line":153,"column":31}},"loc":{"start":{"line":153,"column":42},"end":{"line":153,"column":53}},"line":153},"22":{"name":"(anonymous_22)","decl":{"start":{"line":154,"column":28},"end":{"line":154,"column":29}},"loc":{"start":{"line":154,"column":39},"end":{"line":154,"column":50}},"line":154},"23":{"name":"handleContainerSelect","decl":{"start":{"line":159,"column":13},"end":{"line":159,"column":34}},"loc":{"start":{"line":159,"column":41},"end":{"line":164,"column":5}},"line":159},"24":{"name":"AddToOutfit_Click","decl":{"start":{"line":166,"column":13},"end":{"line":166,"column":30}},"loc":{"start":{"line":166,"column":32},"end":{"line":193,"column":5}},"line":166},"25":{"name":"(anonymous_25)","decl":{"start":{"line":185,"column":49},"end":{"line":185,"column":50}},"loc":{"start":{"line":185,"column":68},"end":{"line":190,"column":7}},"line":185},"26":{"name":"(anonymous_26)","decl":{"start":{"line":187,"column":49},"end":{"line":187,"column":50}},"loc":{"start":{"line":187,"column":56},"end":{"line":189,"column":9}},"line":187},"27":{"name":"DeleteFromOutfit_Click","decl":{"start":{"line":194,"column":13},"end":{"line":194,"column":35}},"loc":{"start":{"line":194,"column":45},"end":{"line":204,"column":5}},"line":194},"28":{"name":"formatData","decl":{"start":{"line":208,"column":9},"end":{"line":208,"column":19}},"loc":{"start":{"line":208,"column":28},"end":{"line":232,"column":1}},"line":208},"29":{"name":"calculateStars","decl":{"start":{"line":233,"column":9},"end":{"line":233,"column":23}},"loc":{"start":{"line":233,"column":28},"end":{"line":248,"column":1}},"line":233},"30":{"name":"Stars","decl":{"start":{"line":249,"column":9},"end":{"line":249,"column":14}},"loc":{"start":{"line":249,"column":22},"end":{"line":278,"column":1}},"line":249},"31":{"name":"(anonymous_31)","decl":{"start":{"line":258,"column":23},"end":{"line":258,"column":24}},"loc":{"start":{"line":258,"column":43},"end":{"line":274,"column":9}},"line":258},"32":{"name":"ratingToArray","decl":{"start":{"line":279,"column":9},"end":{"line":279,"column":22}},"loc":{"start":{"line":279,"column":30},"end":{"line":297,"column":1}},"line":279}},"branchMap":{"0":{"loc":{"start":{"line":17,"column":55},"end":{"line":17,"column":110}},"type":"binary-expr","locations":[{"start":{"line":17,"column":55},"end":{"line":17,"column":104}},{"start":{"line":17,"column":108},"end":{"line":17,"column":110}}],"line":17},"1":{"loc":{"start":{"line":23,"column":8},"end":{"line":40,"column":9}},"type":"if","locations":[{"start":{"line":23,"column":8},"end":{"line":40,"column":9}},{"start":{},"end":{}}],"line":23},"2":{"loc":{"start":{"line":66,"column":15},"end":{"line":66,"column":144}},"type":"cond-expr","locations":[{"start":{"line":66,"column":39},"end":{"line":66,"column":109}},{"start":{"line":66,"column":112},"end":{"line":66,"column":144}}],"line":66},"3":{"loc":{"start":{"line":69,"column":17},"end":{"line":69,"column":124}},"type":"cond-expr","locations":[{"start":{"line":69,"column":46},"end":{"line":69,"column":65}},{"start":{"line":69,"column":68},"end":{"line":69,"column":124}}],"line":69},"4":{"loc":{"start":{"line":71,"column":15},"end":{"line":71,"column":165}},"type":"cond-expr","locations":[{"start":{"line":71,"column":59},"end":{"line":71,"column":130}},{"start":{"line":71,"column":132},"end":{"line":71,"column":165}}],"line":71},"5":{"loc":{"start":{"line":78,"column":15},"end":{"line":78,"column":142}},"type":"cond-expr","locations":[{"start":{"line":78,"column":38},"end":{"line":78,"column":107}},{"start":{"line":78,"column":110},"end":{"line":78,"column":142}}],"line":78},"6":{"loc":{"start":{"line":85,"column":17},"end":{"line":85,"column":108}},"type":"cond-expr","locations":[{"start":{"line":85,"column":47},"end":{"line":85,"column":52}},{"start":{"line":85,"column":55},"end":{"line":85,"column":108}}],"line":85},"7":{"loc":{"start":{"line":87,"column":15},"end":{"line":87,"column":162}},"type":"cond-expr","locations":[{"start":{"line":87,"column":57},"end":{"line":87,"column":127}},{"start":{"line":87,"column":129},"end":{"line":87,"column":162}}],"line":87},"8":{"loc":{"start":{"line":129,"column":7},"end":{"line":135,"column":7}},"type":"if","locations":[{"start":{"line":129,"column":7},"end":{"line":135,"column":7}},{"start":{},"end":{}}],"line":129},"9":{"loc":{"start":{"line":129,"column":11},"end":{"line":129,"column":61}},"type":"binary-expr","locations":[{"start":{"line":129,"column":11},"end":{"line":129,"column":32}},{"start":{"line":129,"column":36},"end":{"line":129,"column":61}}],"line":129},"10":{"loc":{"start":{"line":131,"column":8},"end":{"line":134,"column":9}},"type":"if","locations":[{"start":{"line":131,"column":8},"end":{"line":134,"column":9}},{"start":{},"end":{}}],"line":131},"11":{"loc":{"start":{"line":136,"column":6},"end":{"line":142,"column":7}},"type":"if","locations":[{"start":{"line":136,"column":6},"end":{"line":142,"column":7}},{"start":{},"end":{}}],"line":136},"12":{"loc":{"start":{"line":136,"column":10},"end":{"line":136,"column":61}},"type":"binary-expr","locations":[{"start":{"line":136,"column":10},"end":{"line":136,"column":32}},{"start":{"line":136,"column":36},"end":{"line":136,"column":61}}],"line":136},"13":{"loc":{"start":{"line":138,"column":8},"end":{"line":141,"column":9}},"type":"if","locations":[{"start":{"line":138,"column":8},"end":{"line":141,"column":9}},{"start":{},"end":{}}],"line":138},"14":{"loc":{"start":{"line":143,"column":6},"end":{"line":149,"column":7}},"type":"if","locations":[{"start":{"line":143,"column":6},"end":{"line":149,"column":7}},{"start":{},"end":{}}],"line":143},"15":{"loc":{"start":{"line":143,"column":10},"end":{"line":143,"column":59}},"type":"binary-expr","locations":[{"start":{"line":143,"column":10},"end":{"line":143,"column":31}},{"start":{"line":143,"column":35},"end":{"line":143,"column":59}}],"line":143},"16":{"loc":{"start":{"line":145,"column":8},"end":{"line":148,"column":9}},"type":"if","locations":[{"start":{"line":145,"column":8},"end":{"line":148,"column":9}},{"start":{},"end":{}}],"line":145},"17":{"loc":{"start":{"line":150,"column":6},"end":{"line":156,"column":7}},"type":"if","locations":[{"start":{"line":150,"column":6},"end":{"line":156,"column":7}},{"start":{},"end":{}}],"line":150},"18":{"loc":{"start":{"line":150,"column":10},"end":{"line":150,"column":60}},"type":"binary-expr","locations":[{"start":{"line":150,"column":10},"end":{"line":150,"column":32}},{"start":{"line":150,"column":36},"end":{"line":150,"column":60}}],"line":150},"19":{"loc":{"start":{"line":152,"column":8},"end":{"line":155,"column":9}},"type":"if","locations":[{"start":{"line":152,"column":8},"end":{"line":155,"column":9}},{"start":{},"end":{}}],"line":152},"20":{"loc":{"start":{"line":198,"column":8},"end":{"line":200,"column":9}},"type":"if","locations":[{"start":{"line":198,"column":8},"end":{"line":200,"column":9}},{"start":{},"end":{}}],"line":198},"21":{"loc":{"start":{"line":213,"column":25},"end":{"line":213,"column":95}},"type":"binary-expr","locations":[{"start":{"line":213,"column":25},"end":{"line":213,"column":77}},{"start":{"line":213,"column":81},"end":{"line":213,"column":95}}],"line":213}},"s":{"0":1,"1":1,"2":0,"3":0,"4":0,"5":0,"6":0,"7":0,"8":0,"9":0,"10":0,"11":0,"12":0,"13":0,"14":0,"15":0,"16":0,"17":0,"18":0,"19":0,"20":0,"21":0,"22":0,"23":0,"24":0,"25":0,"26":0,"27":0,"28":0,"29":0,"30":0,"31":0,"32":0,"33":0,"34":0,"35":0,"36":0,"37":0,"38":0,"39":0,"40":0,"41":0,"42":0,"43":0,"44":0,"45":0,"46":0,"47":0,"48":0,"49":0,"50":0,"51":0,"52":0,"53":0,"54":0,"55":0,"56":0,"57":0,"58":0,"59":0,"60":0,"61":0,"62":0,"63":0,"64":0,"65":0,"66":0,"67":0,"68":0,"69":0,"70":0,"71":0,"72":0,"73":0,"74":0,"75":0,"76":0,"77":0,"78":0,"79":0,"80":0,"81":0,"82":0,"83":0,"84":0,"85":0,"86":0,"87":0,"88":0,"89":0,"90":0,"91":0,"92":0,"93":0,"94":0,"95":0,"96":0,"97":0,"98":0,"99":0,"100":0,"101":0,"102":0,"103":0,"104":0,"105":0,"106":0,"107":0,"108":0,"109":0,"110":0,"111":0,"112":0},"f":{"0":0,"1":0,"2":0,"3":0,"4":0,"5":0,"6":0,"7":0,"8":0,"9":0,"10":0,"11":0,"12":0,"13":0,"14":0,"15":0,"16":0,"17":0,"18":0,"19":0,"20":0,"21":0,"22":0,"23":0,"24":0,"25":0,"26":0,"27":0,"28":0,"29":0,"30":0,"31":0,"32":0},"b":{"0":[0,0],"1":[0,0],"2":[0,0],"3":[0,0],"4":[0,0],"5":[0,0],"6":[0,0],"7":[0,0],"8":[0,0],"9":[0,0],"10":[0,0],"11":[0,0],"12":[0,0],"13":[0,0],"14":[0,0],"15":[0,0],"16":[0,0],"17":[0,0],"18":[0,0],"19":[0,0],"20":[0,0],"21":[0,0]},"_coverageSchema":"1a1c01bbd47fc00a2c39e90264f33305004495a9","hash":"bb97c631f1a79266a36950b8aa4ad80146e090dc"}
,"/Users/francescogarofalo/Desktop/Hack Reactor Main/project_atelier/public/src/Related_ActionButton_Star.jsx": {"path":"/Users/francescogarofalo/Desktop/Hack Reactor Main/project_atelier/public/src/Related_ActionButton_Star.jsx","statementMap":{"0":{"start":{"line":6,"column":26},"end":{"line":89,"column":1}},"1":{"start":{"line":8,"column":24},"end":{"line":8,"column":46}},"2":{"start":{"line":9,"column":23},"end":{"line":9,"column":43}},"3":{"start":{"line":10,"column":28},"end":{"line":10,"column":59}},"4":{"start":{"line":11,"column":32},"end":{"line":11,"column":47}},"5":{"start":{"line":12,"column":40},"end":{"line":12,"column":52}},"6":{"start":{"line":14,"column":2},"end":{"line":16,"column":8}},"7":{"start":{"line":18,"column":14},"end":{"line":18,"column":25}},"8":{"start":{"line":19,"column":4},"end":{"line":64,"column":5}},"9":{"start":{"line":22,"column":10},"end":{"line":22,"column":34}},"10":{"start":{"line":24,"column":10},"end":{"line":24,"column":22}},"11":{"start":{"line":47,"column":16},"end":{"line":55,"column":17}},"12":{"start":{"line":70,"column":20},"end":{"line":70,"column":35}},"13":{"start":{"line":71,"column":4},"end":{"line":87,"column":6}},"14":{"start":{"line":73,"column":31},"end":{"line":73,"column":53}},"15":{"start":{"line":74,"column":6},"end":{"line":74,"column":32}},"16":{"start":{"line":77,"column":6},"end":{"line":77,"column":45}},"17":{"start":{"line":77,"column":31},"end":{"line":77,"column":43}},"18":{"start":{"line":78,"column":6},"end":{"line":80,"column":7}},"19":{"start":{"line":79,"column":8},"end":{"line":79,"column":33}},"20":{"start":{"line":81,"column":6},"end":{"line":83,"column":7}},"21":{"start":{"line":82,"column":8},"end":{"line":82,"column":34}},"22":{"start":{"line":86,"column":6},"end":{"line":86,"column":70}}},"fnMap":{"0":{"name":"(anonymous_0)","decl":{"start":{"line":6,"column":26},"end":{"line":6,"column":27}},"loc":{"start":{"line":6,"column":36},"end":{"line":89,"column":1}},"line":6},"1":{"name":"(anonymous_1)","decl":{"start":{"line":14,"column":12},"end":{"line":14,"column":13}},"loc":{"start":{"line":14,"column":16},"end":{"line":16,"column":3}},"line":14},"2":{"name":"(anonymous_2)","decl":{"start":{"line":21,"column":52},"end":{"line":21,"column":53}},"loc":{"start":{"line":21,"column":61},"end":{"line":25,"column":9}},"line":21},"3":{"name":"(anonymous_3)","decl":{"start":{"line":46,"column":30},"end":{"line":46,"column":31}},"loc":{"start":{"line":46,"column":39},"end":{"line":56,"column":15}},"line":46},"4":{"name":"starClick","decl":{"start":{"line":67,"column":11},"end":{"line":67,"column":20}},"loc":{"start":{"line":67,"column":22},"end":{"line":88,"column":3}},"line":67},"5":{"name":"(anonymous_5)","decl":{"start":{"line":71,"column":70},"end":{"line":71,"column":71}},"loc":{"start":{"line":71,"column":80},"end":{"line":75,"column":5}},"line":71},"6":{"name":"(anonymous_6)","decl":{"start":{"line":75,"column":12},"end":{"line":75,"column":13}},"loc":{"start":{"line":75,"column":34},"end":{"line":87,"column":5}},"line":75},"7":{"name":"(anonymous_7)","decl":{"start":{"line":77,"column":16},"end":{"line":77,"column":17}},"loc":{"start":{"line":77,"column":31},"end":{"line":77,"column":43}},"line":77}},"branchMap":{"0":{"loc":{"start":{"line":37,"column":24},"end":{"line":37,"column":72}},"type":"cond-expr","locations":[{"start":{"line":37,"column":35},"end":{"line":37,"column":52}},{"start":{"line":37,"column":55},"end":{"line":37,"column":72}}],"line":37}},"s":{"0":1,"1":0,"2":0,"3":0,"4":0,"5":0,"6":0,"7":0,"8":0,"9":0,"10":0,"11":0,"12":0,"13":0,"14":0,"15":0,"16":0,"17":0,"18":0,"19":0,"20":0,"21":0,"22":0},"f":{"0":0,"1":0,"2":0,"3":0,"4":0,"5":0,"6":0,"7":0},"b":{"0":[0,0]},"_coverageSchema":"1a1c01bbd47fc00a2c39e90264f33305004495a9","hash":"6206c08e0966a974dd6122c697d1fa88945d9333"}
,"/Users/francescogarofalo/Desktop/Hack Reactor Main/project_atelier/public/src/Styled Components/comparing-modal.styled.js": {"path":"/Users/francescogarofalo/Desktop/Hack Reactor Main/project_atelier/public/src/Styled Components/comparing-modal.styled.js","statementMap":{"0":{"start":{"line":5,"column":19},"end":{"line":8,"column":1}},"1":{"start":{"line":10,"column":23},"end":{"line":14,"column":1}},"2":{"start":{"line":16,"column":23},"end":{"line":18,"column":1}},"3":{"start":{"line":20,"column":18},"end":{"line":25,"column":1}},"4":{"start":{"line":27,"column":21},"end":{"line":32,"column":1}},"5":{"start":{"line":34,"column":17},"end":{"line":37,"column":1}},"6":{"start":{"line":39,"column":16},"end":{"line":43,"column":1}},"7":{"start":{"line":44,"column":21},"end":{"line":50,"column":1}},"8":{"start":{"line":49,"column":18},"end":{"line":49,"column":28}}},"fnMap":{"0":{"name":"(anonymous_0)","decl":{"start":{"line":49,"column":11},"end":{"line":49,"column":12}},"loc":{"start":{"line":49,"column":18},"end":{"line":49,"column":28}},"line":49}},"branchMap":{},"s":{"0":1,"1":1,"2":1,"3":1,"4":1,"5":1,"6":1,"7":1,"8":0},"f":{"0":0},"b":{},"_coverageSchema":"1a1c01bbd47fc00a2c39e90264f33305004495a9","hash":"a6cae2c986faef4a65bab3970531ef2c68e3e39c"}
,"/Users/francescogarofalo/Desktop/Hack Reactor Main/project_atelier/public/src/Styled Components/RelatedItems+Comparison/container-outfit.styled.js": {"path":"/Users/francescogarofalo/Desktop/Hack Reactor Main/project_atelier/public/src/Styled Components/RelatedItems+Comparison/container-outfit.styled.js","statementMap":{"0":{"start":{"line":6,"column":24},"end":{"line":16,"column":1}},"1":{"start":{"line":17,"column":25},"end":{"line":26,"column":1}},"2":{"start":{"line":27,"column":27},"end":{"line":35,"column":1}},"3":{"start":{"line":36,"column":22},"end":{"line":48,"column":1}}},"fnMap":{},"branchMap":{},"s":{"0":1,"1":1,"2":1,"3":1},"f":{},"b":{},"_coverageSchema":"1a1c01bbd47fc00a2c39e90264f33305004495a9","hash":"0a85ce29a350aa66fef210810881232963041562"}
,"/Users/francescogarofalo/Desktop/Hack Reactor Main/project_atelier/public/src/Styled Components/RelatedItems+Comparison/container-related-outfit.styled.js": {"path":"/Users/francescogarofalo/Desktop/Hack Reactor Main/project_atelier/public/src/Styled Components/RelatedItems+Comparison/container-related-outfit.styled.js","statementMap":{"0":{"start":{"line":4,"column":21},"end":{"line":12,"column":1}},"1":{"start":{"line":14,"column":20},"end":{"line":23,"column":1}},"2":{"start":{"line":25,"column":26},"end":{"line":30,"column":1}}},"fnMap":{},"branchMap":{},"s":{"0":1,"1":1,"2":1},"f":{},"b":{},"_coverageSchema":"1a1c01bbd47fc00a2c39e90264f33305004495a9","hash":"3b1d1d03cec3e42aeb2cb5bb098bbbad4148c20d"}
,"/Users/francescogarofalo/Desktop/Hack Reactor Main/project_atelier/public/src/Styled Components/RelatedItems+Comparison/container-related.styled.js": {"path":"/Users/francescogarofalo/Desktop/Hack Reactor Main/project_atelier/public/src/Styled Components/RelatedItems+Comparison/container-related.styled.js","statementMap":{"0":{"start":{"line":4,"column":25},"end":{"line":15,"column":1}},"1":{"start":{"line":17,"column":0},"end":{"line":17,"column":38}},"2":{"start":{"line":18,"column":23},"end":{"line":32,"column":1}},"3":{"start":{"line":26,"column":33},"end":{"line":26,"column":42}},"4":{"start":{"line":34,"column":17},"end":{"line":39,"column":1}},"5":{"start":{"line":41,"column":13},"end":{"line":49,"column":1}},"6":{"start":{"line":51,"column":14},"end":{"line":57,"column":1}},"7":{"start":{"line":59,"column":21},"end":{"line":64,"column":1}},"8":{"start":{"line":66,"column":21},"end":{"line":80,"column":1}},"9":{"start":{"line":82,"column":16},"end":{"line":100,"column":1}},"10":{"start":{"line":83,"column":2},"end":{"line":87,"column":3}},"11":{"start":{"line":84,"column":4},"end":{"line":86,"column":5}},"12":{"start":{"line":89,"column":23},"end":{"line":89,"column":42}},"13":{"start":{"line":90,"column":2},"end":{"line":99,"column":3}},"14":{"start":{"line":102,"column":22},"end":{"line":107,"column":1}},"15":{"start":{"line":108,"column":22},"end":{"line":120,"column":1}},"16":{"start":{"line":121,"column":17},"end":{"line":141,"column":1}},"17":{"start":{"line":122,"column":2},"end":{"line":126,"column":3}},"18":{"start":{"line":123,"column":4},"end":{"line":125,"column":5}},"19":{"start":{"line":127,"column":23},"end":{"line":127,"column":42}},"20":{"start":{"line":128,"column":2},"end":{"line":140,"column":3}},"21":{"start":{"line":143,"column":26},"end":{"line":147,"column":1}}},"fnMap":{"0":{"name":"(anonymous_0)","decl":{"start":{"line":26,"column":26},"end":{"line":26,"column":27}},"loc":{"start":{"line":26,"column":33},"end":{"line":26,"column":42}},"line":26},"1":{"name":"(anonymous_1)","decl":{"start":{"line":82,"column":16},"end":{"line":82,"column":17}},"loc":{"start":{"line":82,"column":25},"end":{"line":100,"column":1}},"line":82},"2":{"name":"(anonymous_2)","decl":{"start":{"line":121,"column":17},"end":{"line":121,"column":18}},"loc":{"start":{"line":121,"column":26},"end":{"line":141,"column":1}},"line":121}},"branchMap":{"0":{"loc":{"start":{"line":83,"column":2},"end":{"line":87,"column":3}},"type":"if","locations":[{"start":{"line":83,"column":2},"end":{"line":87,"column":3}},{"start":{},"end":{}}],"line":83},"1":{"loc":{"start":{"line":122,"column":2},"end":{"line":126,"column":3}},"type":"if","locations":[{"start":{"line":122,"column":2},"end":{"line":126,"column":3}},{"start":{},"end":{}}],"line":122}},"s":{"0":1,"1":1,"2":1,"3":0,"4":1,"5":1,"6":1,"7":1,"8":1,"9":1,"10":0,"11":0,"12":0,"13":0,"14":1,"15":1,"16":1,"17":0,"18":0,"19":0,"20":0,"21":1},"f":{"0":0,"1":0,"2":0},"b":{"0":[0,0],"1":[0,0]},"_coverageSchema":"1a1c01bbd47fc00a2c39e90264f33305004495a9","hash":"3003676bf46fd996b829534ab2b6aae83fc2b7f0"}
}
