{"/Users/Dennis/Desktop/project_atelier/public/src/Related.jsx": {"path":"/Users/Dennis/Desktop/project_atelier/public/src/Related.jsx","statementMap":{"0":{"start":{"line":3,"column":21},"end":{"line":3,"column":106}},"1":{"start":{"line":9,"column":16},"end":{"line":145,"column":1}},"2":{"start":{"line":10,"column":2},"end":{"line":10,"column":46}},"3":{"start":{"line":11,"column":48},"end":{"line":11,"column":60}},"4":{"start":{"line":12,"column":46},"end":{"line":12,"column":58}},"5":{"start":{"line":14,"column":4},"end":{"line":35,"column":38}},"6":{"start":{"line":15,"column":8},"end":{"line":34,"column":9}},"7":{"start":{"line":16,"column":10},"end":{"line":16,"column":32}},"8":{"start":{"line":19,"column":24},"end":{"line":19,"column":45}},"9":{"start":{"line":20,"column":28},"end":{"line":20,"column":30}},"10":{"start":{"line":21,"column":10},"end":{"line":27,"column":13}},"11":{"start":{"line":23,"column":12},"end":{"line":23,"column":91}},"12":{"start":{"line":25,"column":12},"end":{"line":25,"column":106}},"13":{"start":{"line":26,"column":12},"end":{"line":26,"column":98}},"14":{"start":{"line":28,"column":10},"end":{"line":33,"column":12}},"15":{"start":{"line":30,"column":32},"end":{"line":30,"column":51}},"16":{"start":{"line":32,"column":12},"end":{"line":32,"column":45}},"17":{"start":{"line":37,"column":4},"end":{"line":111,"column":6}},"18":{"start":{"line":57,"column":18},"end":{"line":68,"column":23}},"19":{"start":{"line":91,"column":20},"end":{"line":100,"column":21}},"20":{"start":{"line":114,"column":27},"end":{"line":114,"column":48}},"21":{"start":{"line":115,"column":26},"end":{"line":115,"column":47}},"22":{"start":{"line":116,"column":25},"end":{"line":116,"column":45}},"23":{"start":{"line":119,"column":16},"end":{"line":121,"column":7}},"24":{"start":{"line":122,"column":19},"end":{"line":124,"column":7}},"25":{"start":{"line":125,"column":18},"end":{"line":127,"column":7}},"26":{"start":{"line":128,"column":20},"end":{"line":128,"column":40}},"27":{"start":{"line":129,"column":26},"end":{"line":129,"column":48}},"28":{"start":{"line":131,"column":26},"end":{"line":131,"column":59}},"29":{"start":{"line":132,"column":28},"end":{"line":137,"column":8}},"30":{"start":{"line":133,"column":24},"end":{"line":133,"column":46}},"31":{"start":{"line":134,"column":8},"end":{"line":136,"column":11}},"32":{"start":{"line":135,"column":10},"end":{"line":135,"column":49}},"33":{"start":{"line":139,"column":6},"end":{"line":139,"column":38}},"34":{"start":{"line":142,"column":6},"end":{"line":142,"column":48}},"35":{"start":{"line":149,"column":15},"end":{"line":149,"column":17}},"36":{"start":{"line":150,"column":4},"end":{"line":167,"column":5}},"37":{"start":{"line":150,"column":16},"end":{"line":150,"column":17}},"38":{"start":{"line":151,"column":25},"end":{"line":151,"column":58}},"39":{"start":{"line":152,"column":25},"end":{"line":152,"column":95}},"40":{"start":{"line":153,"column":21},"end":{"line":153,"column":24}},"41":{"start":{"line":156,"column":20},"end":{"line":164,"column":7}},"42":{"start":{"line":166,"column":6},"end":{"line":166,"column":25}},"43":{"start":{"line":169,"column":4},"end":{"line":169,"column":16}},"44":{"start":{"line":174,"column":16},"end":{"line":174,"column":27}},"45":{"start":{"line":175,"column":19},"end":{"line":175,"column":20}},"46":{"start":{"line":176,"column":21},"end":{"line":176,"column":22}},"47":{"start":{"line":177,"column":2},"end":{"line":182,"column":3}},"48":{"start":{"line":178,"column":25},"end":{"line":178,"column":53}},"49":{"start":{"line":179,"column":4},"end":{"line":179,"column":35}},"50":{"start":{"line":180,"column":21},"end":{"line":180,"column":47}},"51":{"start":{"line":181,"column":4},"end":{"line":181,"column":29}},"52":{"start":{"line":183,"column":16},"end":{"line":183,"column":39}},"53":{"start":{"line":184,"column":23},"end":{"line":184,"column":63}},"54":{"start":{"line":186,"column":2},"end":{"line":186,"column":24}},"55":{"start":{"line":191,"column":17},"end":{"line":191,"column":31}},"56":{"start":{"line":192,"column":15},"end":{"line":192,"column":27}},"57":{"start":{"line":193,"column":19},"end":{"line":193,"column":40}},"58":{"start":{"line":194,"column":2},"end":{"line":216,"column":3}},"59":{"start":{"line":198,"column":10},"end":{"line":212,"column":11}},"60":{"start":{"line":220,"column":14},"end":{"line":220,"column":40}},"61":{"start":{"line":221,"column":14},"end":{"line":221,"column":32}},"62":{"start":{"line":222,"column":16},"end":{"line":222,"column":30}},"63":{"start":{"line":224,"column":2},"end":{"line":226,"column":3}},"64":{"start":{"line":224,"column":14},"end":{"line":224,"column":15}},"65":{"start":{"line":225,"column":4},"end":{"line":225,"column":22}},"66":{"start":{"line":227,"column":28},"end":{"line":231,"column":3}},"67":{"start":{"line":232,"column":19},"end":{"line":232,"column":47}},"68":{"start":{"line":233,"column":2},"end":{"line":233,"column":28}},"69":{"start":{"line":235,"column":2},"end":{"line":235,"column":15}}},"fnMap":{"0":{"name":"(anonymous_0)","decl":{"start":{"line":9,"column":16},"end":{"line":9,"column":17}},"loc":{"start":{"line":9,"column":26},"end":{"line":145,"column":1}},"line":9},"1":{"name":"(anonymous_1)","decl":{"start":{"line":14,"column":14},"end":{"line":14,"column":15}},"loc":{"start":{"line":14,"column":18},"end":{"line":35,"column":5}},"line":14},"2":{"name":"(anonymous_2)","decl":{"start":{"line":21,"column":26},"end":{"line":21,"column":27}},"loc":{"start":{"line":21,"column":41},"end":{"line":27,"column":11}},"line":21},"3":{"name":"(anonymous_3)","decl":{"start":{"line":28,"column":40},"end":{"line":28,"column":41}},"loc":{"start":{"line":28,"column":51},"end":{"line":33,"column":11}},"line":28},"4":{"name":"(anonymous_4)","decl":{"start":{"line":56,"column":35},"end":{"line":56,"column":36}},"loc":{"start":{"line":56,"column":48},"end":{"line":69,"column":17}},"line":56},"5":{"name":"(anonymous_5)","decl":{"start":{"line":90,"column":36},"end":{"line":90,"column":37}},"loc":{"start":{"line":90,"column":52},"end":{"line":101,"column":19}},"line":90},"6":{"name":"AddToOutfit_Click","decl":{"start":{"line":113,"column":13},"end":{"line":113,"column":30}},"loc":{"start":{"line":113,"column":32},"end":{"line":140,"column":5}},"line":113},"7":{"name":"(anonymous_7)","decl":{"start":{"line":132,"column":49},"end":{"line":132,"column":50}},"loc":{"start":{"line":132,"column":68},"end":{"line":137,"column":7}},"line":132},"8":{"name":"(anonymous_8)","decl":{"start":{"line":134,"column":49},"end":{"line":134,"column":50}},"loc":{"start":{"line":134,"column":56},"end":{"line":136,"column":9}},"line":134},"9":{"name":"DeleteFromOutfit_Click","decl":{"start":{"line":141,"column":13},"end":{"line":141,"column":35}},"loc":{"start":{"line":141,"column":37},"end":{"line":143,"column":5}},"line":141},"10":{"name":"formatData","decl":{"start":{"line":147,"column":9},"end":{"line":147,"column":19}},"loc":{"start":{"line":147,"column":28},"end":{"line":171,"column":1}},"line":147},"11":{"name":"calculateStars","decl":{"start":{"line":172,"column":9},"end":{"line":172,"column":23}},"loc":{"start":{"line":172,"column":28},"end":{"line":187,"column":1}},"line":172},"12":{"name":"Stars","decl":{"start":{"line":188,"column":9},"end":{"line":188,"column":14}},"loc":{"start":{"line":188,"column":22},"end":{"line":217,"column":1}},"line":188},"13":{"name":"(anonymous_13)","decl":{"start":{"line":197,"column":23},"end":{"line":197,"column":24}},"loc":{"start":{"line":197,"column":43},"end":{"line":213,"column":9}},"line":197},"14":{"name":"ratingToArray","decl":{"start":{"line":218,"column":9},"end":{"line":218,"column":22}},"loc":{"start":{"line":218,"column":30},"end":{"line":236,"column":1}},"line":218}},"branchMap":{"0":{"loc":{"start":{"line":15,"column":8},"end":{"line":34,"column":9}},"type":"if","locations":[{"start":{"line":15,"column":8},"end":{"line":34,"column":9}},{"start":{"line":18,"column":13},"end":{"line":34,"column":9}}],"line":15},"1":{"loc":{"start":{"line":55,"column":16},"end":{"line":69,"column":18}},"type":"cond-expr","locations":[{"start":{"line":55,"column":45},"end":{"line":55,"column":64}},{"start":{"line":56,"column":16},"end":{"line":69,"column":18}}],"line":55},"2":{"loc":{"start":{"line":89,"column":18},"end":{"line":101,"column":20}},"type":"cond-expr","locations":[{"start":{"line":89,"column":46},"end":{"line":89,"column":51}},{"start":{"line":90,"column":18},"end":{"line":101,"column":20}}],"line":89},"3":{"loc":{"start":{"line":152,"column":25},"end":{"line":152,"column":95}},"type":"binary-expr","locations":[{"start":{"line":152,"column":25},"end":{"line":152,"column":77}},{"start":{"line":152,"column":81},"end":{"line":152,"column":95}}],"line":152}},"s":{"0":1,"1":1,"2":1,"3":1,"4":1,"5":1,"6":0,"7":0,"8":0,"9":0,"10":0,"11":0,"12":0,"13":0,"14":0,"15":0,"16":0,"17":1,"18":0,"19":0,"20":0,"21":0,"22":0,"23":0,"24":0,"25":0,"26":0,"27":0,"28":0,"29":0,"30":0,"31":0,"32":0,"33":0,"34":0,"35":0,"36":0,"37":0,"38":0,"39":0,"40":0,"41":0,"42":0,"43":0,"44":0,"45":0,"46":0,"47":0,"48":0,"49":0,"50":0,"51":0,"52":0,"53":0,"54":0,"55":0,"56":0,"57":0,"58":0,"59":0,"60":0,"61":0,"62":0,"63":0,"64":0,"65":0,"66":0,"67":0,"68":0,"69":0},"f":{"0":1,"1":0,"2":0,"3":0,"4":0,"5":0,"6":0,"7":0,"8":0,"9":0,"10":0,"11":0,"12":0,"13":0,"14":0},"b":{"0":[0,0],"1":[1,0],"2":[1,0],"3":[0,0]},"_coverageSchema":"1a1c01bbd47fc00a2c39e90264f33305004495a9","hash":"62037fcca6367d7273fcbc6f0ef0eed11e7fd5ff"}
,"/Users/Dennis/Desktop/project_atelier/public/src/Related_ActionButton_Star.jsx": {"path":"/Users/Dennis/Desktop/project_atelier/public/src/Related_ActionButton_Star.jsx","statementMap":{"0":{"start":{"line":6,"column":26},"end":{"line":85,"column":1}},"1":{"start":{"line":8,"column":18},"end":{"line":8,"column":33}},"2":{"start":{"line":9,"column":28},"end":{"line":9,"column":59}},"3":{"start":{"line":10,"column":32},"end":{"line":10,"column":47}},"4":{"start":{"line":11,"column":40},"end":{"line":11,"column":52}},"5":{"start":{"line":13,"column":2},"end":{"line":15,"column":19}},"6":{"start":{"line":14,"column":4},"end":{"line":14,"column":32}},"7":{"start":{"line":17,"column":14},"end":{"line":17,"column":25}},"8":{"start":{"line":18,"column":4},"end":{"line":62,"column":5}},"9":{"start":{"line":45,"column":15},"end":{"line":53,"column":16}},"10":{"start":{"line":66,"column":4},"end":{"line":66,"column":74}},"11":{"start":{"line":67,"column":4},"end":{"line":83,"column":6}},"12":{"start":{"line":69,"column":31},"end":{"line":69,"column":53}},"13":{"start":{"line":70,"column":6},"end":{"line":70,"column":32}},"14":{"start":{"line":72,"column":6},"end":{"line":72,"column":35}},"15":{"start":{"line":73,"column":6},"end":{"line":73,"column":45}},"16":{"start":{"line":73,"column":31},"end":{"line":73,"column":43}},"17":{"start":{"line":74,"column":6},"end":{"line":76,"column":7}},"18":{"start":{"line":75,"column":8},"end":{"line":75,"column":33}},"19":{"start":{"line":77,"column":6},"end":{"line":79,"column":7}},"20":{"start":{"line":78,"column":8},"end":{"line":78,"column":34}},"21":{"start":{"line":80,"column":6},"end":{"line":80,"column":66}},"22":{"start":{"line":81,"column":6},"end":{"line":81,"column":77}},"23":{"start":{"line":82,"column":6},"end":{"line":82,"column":70}}},"fnMap":{"0":{"name":"(anonymous_0)","decl":{"start":{"line":6,"column":26},"end":{"line":6,"column":27}},"loc":{"start":{"line":6,"column":36},"end":{"line":85,"column":1}},"line":6},"1":{"name":"(anonymous_1)","decl":{"start":{"line":13,"column":12},"end":{"line":13,"column":13}},"loc":{"start":{"line":13,"column":16},"end":{"line":15,"column":3}},"line":13},"2":{"name":"(anonymous_2)","decl":{"start":{"line":44,"column":29},"end":{"line":44,"column":30}},"loc":{"start":{"line":44,"column":38},"end":{"line":54,"column":14}},"line":44},"3":{"name":"starClick","decl":{"start":{"line":65,"column":11},"end":{"line":65,"column":20}},"loc":{"start":{"line":65,"column":22},"end":{"line":84,"column":3}},"line":65},"4":{"name":"(anonymous_4)","decl":{"start":{"line":67,"column":70},"end":{"line":67,"column":71}},"loc":{"start":{"line":67,"column":80},"end":{"line":71,"column":5}},"line":67},"5":{"name":"(anonymous_5)","decl":{"start":{"line":71,"column":12},"end":{"line":71,"column":13}},"loc":{"start":{"line":71,"column":34},"end":{"line":83,"column":5}},"line":71},"6":{"name":"(anonymous_6)","decl":{"start":{"line":73,"column":16},"end":{"line":73,"column":17}},"loc":{"start":{"line":73,"column":31},"end":{"line":73,"column":43}},"line":73}},"branchMap":{"0":{"loc":{"start":{"line":35,"column":22},"end":{"line":35,"column":70}},"type":"cond-expr","locations":[{"start":{"line":35,"column":33},"end":{"line":35,"column":50}},{"start":{"line":35,"column":53},"end":{"line":35,"column":70}}],"line":35}},"s":{"0":1,"1":0,"2":0,"3":0,"4":0,"5":0,"6":0,"7":0,"8":0,"9":0,"10":0,"11":0,"12":0,"13":0,"14":0,"15":0,"16":0,"17":0,"18":0,"19":0,"20":0,"21":0,"22":0,"23":0},"f":{"0":0,"1":0,"2":0,"3":0,"4":0,"5":0,"6":0},"b":{"0":[0,0]},"_coverageSchema":"1a1c01bbd47fc00a2c39e90264f33305004495a9","hash":"69b35409cb7151644a01c07ce4e3af606d5b9e88"}
,"/Users/Dennis/Desktop/project_atelier/public/src/Styled Components/comparing-modal.styled.js": {"path":"/Users/Dennis/Desktop/project_atelier/public/src/Styled Components/comparing-modal.styled.js","statementMap":{"0":{"start":{"line":5,"column":19},"end":{"line":8,"column":1}},"1":{"start":{"line":10,"column":23},"end":{"line":14,"column":1}},"2":{"start":{"line":16,"column":23},"end":{"line":18,"column":1}},"3":{"start":{"line":20,"column":18},"end":{"line":25,"column":1}},"4":{"start":{"line":27,"column":21},"end":{"line":32,"column":1}},"5":{"start":{"line":34,"column":17},"end":{"line":37,"column":1}},"6":{"start":{"line":39,"column":16},"end":{"line":43,"column":1}},"7":{"start":{"line":44,"column":21},"end":{"line":50,"column":1}},"8":{"start":{"line":49,"column":18},"end":{"line":49,"column":28}}},"fnMap":{"0":{"name":"(anonymous_0)","decl":{"start":{"line":49,"column":11},"end":{"line":49,"column":12}},"loc":{"start":{"line":49,"column":18},"end":{"line":49,"column":28}},"line":49}},"branchMap":{},"s":{"0":1,"1":1,"2":1,"3":1,"4":1,"5":1,"6":1,"7":1,"8":0},"f":{"0":0},"b":{},"_coverageSchema":"1a1c01bbd47fc00a2c39e90264f33305004495a9","hash":"298643d7a02b1d0b366776bfc6730f68e0253533"}
,"/Users/Dennis/Desktop/project_atelier/public/src/Styled Components/RelatedItems+Comparison/container-outfit.styled.js": {"path":"/Users/Dennis/Desktop/project_atelier/public/src/Styled Components/RelatedItems+Comparison/container-outfit.styled.js","statementMap":{"0":{"start":{"line":6,"column":24},"end":{"line":14,"column":1}},"1":{"start":{"line":17,"column":25},"end":{"line":26,"column":1}},"2":{"start":{"line":28,"column":27},"end":{"line":36,"column":1}},"3":{"start":{"line":38,"column":22},"end":{"line":44,"column":1}}},"fnMap":{},"branchMap":{},"s":{"0":1,"1":1,"2":1,"3":1},"f":{},"b":{},"_coverageSchema":"1a1c01bbd47fc00a2c39e90264f33305004495a9","hash":"07c21c84df2724af1d16d6c992f9233cd5917325"}
,"/Users/Dennis/Desktop/project_atelier/public/src/Styled Components/RelatedItems+Comparison/container-related.styled.js": {"path":"/Users/Dennis/Desktop/project_atelier/public/src/Styled Components/RelatedItems+Comparison/container-related.styled.js","statementMap":{"0":{"start":{"line":4,"column":25},"end":{"line":12,"column":1}},"1":{"start":{"line":15,"column":0},"end":{"line":15,"column":38}},"2":{"start":{"line":16,"column":23},"end":{"line":30,"column":1}},"3":{"start":{"line":24,"column":33},"end":{"line":24,"column":42}},"4":{"start":{"line":32,"column":17},"end":{"line":37,"column":1}},"5":{"start":{"line":39,"column":13},"end":{"line":47,"column":1}},"6":{"start":{"line":49,"column":14},"end":{"line":55,"column":1}}},"fnMap":{"0":{"name":"(anonymous_0)","decl":{"start":{"line":24,"column":26},"end":{"line":24,"column":27}},"loc":{"start":{"line":24,"column":33},"end":{"line":24,"column":42}},"line":24}},"branchMap":{},"s":{"0":1,"1":1,"2":1,"3":0,"4":1,"5":1,"6":1},"f":{"0":0},"b":{},"_coverageSchema":"1a1c01bbd47fc00a2c39e90264f33305004495a9","hash":"214a36ca21df982b838396f7170a1aeb9604263d"}
}
