TN:
SF:config.js
FNF:0
FNH:0
DA:1,1
DA:5,1
LF:2
LH:2
BRF:0
BRH:0
end_of_record
TN:
SF:public/src/App.jsx
FN:10,App
FN:13,(anonymous_1)
FN:14,(anonymous_2)
FN:24,(anonymous_3)
FNF:4
FNH:2
FNDA:2,App
FNDA:1,(anonymous_1)
FNDA:0,(anonymous_2)
FNDA:0,(anonymous_3)
DA:8,1
DA:11,2
DA:13,1
DA:14,1
DA:15,0
DA:16,0
DA:17,0
DA:18,0
DA:19,0
DA:20,0
DA:21,0
DA:23,0
DA:24,0
DA:25,0
DA:27,0
DA:28,0
DA:29,0
DA:36,0
DA:38,0
DA:41,1
LF:20
LH:5
BRDA:33,0,0,0
BRDA:33,0,1,0
BRF:2
BRH:0
end_of_record
TN:
SF:public/src/Cart.jsx
FN:3,Cart
FNF:1
FNH:0
FNDA:0,Cart
DA:4,0
LF:1
LH:0
BRF:0
BRH:0
end_of_record
TN:
SF:public/src/Home.jsx
FN:4,(anonymous_0)
FN:6,(anonymous_1)
FNF:2
FNH:1
FNDA:1,(anonymous_0)
FNDA:0,(anonymous_1)
DA:4,1
DA:5,1
DA:6,1
DA:7,1
LF:4
LH:4
BRF:0
BRH:0
end_of_record
TN:
SF:public/src/Magnifier.jsx
FN:3,Magnifier
FN:21,(anonymous_1)
FN:28,(anonymous_2)
FN:38,(anonymous_3)
FNF:4
FNH:0
FNDA:0,Magnifier
FNDA:0,(anonymous_1)
FNDA:0,(anonymous_2)
FNDA:0,(anonymous_3)
DA:4,0
DA:5,0
DA:6,0
DA:7,0
DA:8,0
DA:9,0
DA:10,0
DA:23,0
DA:24,0
DA:25,0
DA:26,0
DA:30,0
DA:31,0
DA:34,0
DA:35,0
DA:36,0
DA:40,0
LF:17
LH:0
BRDA:47,0,0,0
BRDA:47,0,1,0
BRF:2
BRH:0
end_of_record
TN:
SF:public/src/Overview.jsx
FN:5,Overview
FN:78,(anonymous_1)
FN:85,(anonymous_2)
FN:90,(anonymous_3)
FN:91,(anonymous_4)
FN:99,(anonymous_5)
FN:104,(anonymous_6)
FN:105,(anonymous_7)
FN:114,(anonymous_8)
FN:116,(anonymous_9)
FN:125,(anonymous_10)
FN:128,(anonymous_11)
FN:129,(anonymous_12)
FN:132,(anonymous_13)
FN:136,(anonymous_14)
FN:140,(anonymous_15)
FN:144,(anonymous_16)
FN:148,(anonymous_17)
FN:153,(anonymous_18)
FN:169,(anonymous_19)
FNF:20
FNH:2
FNDA:4,Overview
FNDA:0,(anonymous_1)
FNDA:0,(anonymous_2)
FNDA:0,(anonymous_3)
FNDA:0,(anonymous_4)
FNDA:0,(anonymous_5)
FNDA:0,(anonymous_6)
FNDA:0,(anonymous_7)
FNDA:0,(anonymous_8)
FNDA:0,(anonymous_9)
FNDA:0,(anonymous_10)
FNDA:0,(anonymous_11)
FNDA:0,(anonymous_12)
FNDA:0,(anonymous_13)
FNDA:0,(anonymous_14)
FNDA:0,(anonymous_15)
FNDA:0,(anonymous_16)
FNDA:1,(anonymous_17)
FNDA:0,(anonymous_18)
FNDA:0,(anonymous_19)
DA:3,2
DA:8,4
DA:9,3
DA:10,3
DA:11,3
DA:12,3
DA:13,3
DA:14,3
DA:15,3
DA:16,3
DA:17,3
DA:18,3
DA:19,3
DA:20,3
DA:21,3
DA:22,3
DA:23,3
DA:32,3
DA:33,2
DA:34,2
DA:35,0
DA:36,0
DA:37,0
DA:38,0
DA:39,0
DA:40,0
DA:41,0
DA:43,0
DA:44,0
DA:45,0
DA:46,0
DA:47,0
DA:48,0
DA:49,0
DA:50,0
DA:51,0
DA:52,0
DA:53,0
DA:55,0
DA:56,0
DA:57,0
DA:58,0
DA:59,0
DA:60,0
DA:61,0
DA:62,0
DA:63,0
DA:65,0
DA:66,0
DA:67,0
DA:68,0
DA:69,0
DA:70,0
DA:71,0
DA:72,0
DA:73,0
DA:74,0
DA:78,1
DA:79,0
DA:80,0
DA:81,0
DA:82,0
DA:85,1
DA:86,0
DA:87,0
DA:90,1
DA:91,0
DA:92,0
DA:93,0
DA:94,0
DA:95,0
DA:96,0
DA:99,1
DA:100,0
DA:101,0
DA:104,1
DA:105,0
DA:106,0
DA:107,0
DA:109,0
DA:114,1
DA:115,0
DA:116,0
DA:117,0
DA:118,0
DA:120,0
DA:125,1
DA:126,0
DA:127,0
DA:128,0
DA:129,0
DA:132,1
DA:133,0
DA:134,0
DA:136,0
DA:140,1
DA:141,0
DA:142,0
DA:144,0
DA:148,1
DA:149,1
DA:151,0
DA:153,0
DA:165,0
DA:167,1
DA:168,0
DA:169,0
DA:170,0
DA:171,0
DA:172,0
DA:173,0
DA:174,0
DA:176,0
DA:179,0
DA:180,0
DA:181,0
DA:182,0
DA:183,0
DA:185,0
DA:189,0
DA:191,0
DA:195,0
DA:196,0
DA:202,0
DA:204,0
DA:206,0
DA:208,0
DA:209,0
DA:210,0
DA:211,0
DA:212,0
DA:214,0
DA:218,0
DA:219,0
DA:220,0
DA:225,0
DA:228,0
DA:235,0
DA:237,0
DA:238,0
DA:239,0
DA:240,0
DA:241,0
DA:248,0
DA:302,0
DA:306,1
LF:146
LH:33
BRDA:32,0,0,2
BRDA:32,0,1,1
BRDA:33,1,0,2
BRDA:33,1,1,0
BRDA:55,2,0,0
BRDA:55,2,1,0
BRDA:106,3,0,0
BRDA:106,3,1,0
BRDA:117,4,0,0
BRDA:117,4,1,0
BRDA:133,5,0,0
BRDA:133,5,1,0
BRDA:141,6,0,0
BRDA:141,6,1,0
BRDA:149,7,0,0
BRDA:149,7,1,1
BRDA:149,8,0,1
BRDA:149,8,1,0
BRDA:167,9,0,0
BRDA:167,9,1,1
BRDA:167,10,0,1
BRDA:167,10,1,0
BRDA:173,11,0,0
BRDA:173,11,1,0
BRDA:183,12,0,0
BRDA:183,12,1,0
BRDA:195,13,0,0
BRDA:195,13,1,0
BRDA:210,14,0,0
BRDA:210,14,1,0
BRDA:211,15,0,0
BRDA:211,15,1,0
BRDA:218,16,0,0
BRDA:218,16,1,0
BRDA:235,17,0,0
BRDA:235,17,1,0
BRDA:237,18,0,0
BRDA:237,18,1,0
BRF:38
BRH:7
end_of_record
TN:
SF:public/src/ProductDetail.jsx
FN:10,ProductDetail
FN:17,(anonymous_1)
FN:21,(anonymous_2)
FN:26,(anonymous_3)
FN:31,(anonymous_4)
FNF:5
FNH:0
FNDA:0,ProductDetail
FNDA:0,(anonymous_1)
FNDA:0,(anonymous_2)
FNDA:0,(anonymous_3)
FNDA:0,(anonymous_4)
DA:7,1
DA:12,0
DA:13,0
DA:14,0
DA:17,0
DA:18,0
DA:19,0
DA:20,0
DA:21,0
DA:22,0
DA:23,0
DA:25,0
DA:26,0
DA:27,0
DA:29,0
DA:30,0
DA:31,0
DA:32,0
DA:34,0
DA:36,0
DA:39,0
LF:21
LH:1
BRF:0
BRH:0
end_of_record
TN:
SF:public/src/Products.jsx
FN:4,Product
FN:6,(anonymous_1)
FN:10,(anonymous_2)
FN:12,(anonymous_3)
FNF:4
FNH:0
FNDA:0,Product
FNDA:0,(anonymous_1)
FNDA:0,(anonymous_2)
FNDA:0,(anonymous_3)
DA:5,0
DA:6,0
DA:7,0
DA:9,0
DA:10,0
DA:11,0
DA:12,0
DA:16,0
LF:8
LH:0
BRF:0
BRH:0
end_of_record
TN:
SF:public/src/Q&A.jsx
FN:7,(anonymous_0)
FN:29,(anonymous_1)
FN:34,(anonymous_2)
FN:38,(anonymous_3)
FN:41,(anonymous_4)
FN:48,(anonymous_5)
FN:50,(anonymous_6)
FN:52,(anonymous_7)
FN:56,(anonymous_8)
FN:65,(anonymous_9)
FN:68,(anonymous_10)
FN:73,(anonymous_11)
FN:82,(anonymous_12)
FN:85,(anonymous_13)
FN:91,(anonymous_14)
FN:95,showMoreA
FN:99,(anonymous_16)
FN:103,(anonymous_17)
FN:111,(anonymous_18)
FN:113,(anonymous_19)
FN:115,(anonymous_20)
FN:117,(anonymous_21)
FN:120,(anonymous_22)
FN:127,(anonymous_23)
FN:129,(anonymous_24)
FN:131,(anonymous_25)
FN:133,(anonymous_26)
FN:136,(anonymous_27)
FN:143,(anonymous_28)
FN:145,(anonymous_29)
FN:147,(anonymous_30)
FN:149,(anonymous_31)
FN:152,(anonymous_32)
FN:159,(anonymous_33)
FN:161,(anonymous_34)
FN:163,(anonymous_35)
FN:165,(anonymous_36)
FN:168,(anonymous_37)
FN:179,(anonymous_38)
FN:182,(anonymous_39)
FN:182,(anonymous_40)
FN:185,(anonymous_41)
FN:196,(anonymous_42)
FN:202,(anonymous_43)
FN:206,(anonymous_44)
FN:206,(anonymous_45)
FN:230,(anonymous_46)
FNF:47
FNH:0
FNDA:0,(anonymous_0)
FNDA:0,(anonymous_1)
FNDA:0,(anonymous_2)
FNDA:0,(anonymous_3)
FNDA:0,(anonymous_4)
FNDA:0,(anonymous_5)
FNDA:0,(anonymous_6)
FNDA:0,(anonymous_7)
FNDA:0,(anonymous_8)
FNDA:0,(anonymous_9)
FNDA:0,(anonymous_10)
FNDA:0,(anonymous_11)
FNDA:0,(anonymous_12)
FNDA:0,(anonymous_13)
FNDA:0,(anonymous_14)
FNDA:0,showMoreA
FNDA:0,(anonymous_16)
FNDA:0,(anonymous_17)
FNDA:0,(anonymous_18)
FNDA:0,(anonymous_19)
FNDA:0,(anonymous_20)
FNDA:0,(anonymous_21)
FNDA:0,(anonymous_22)
FNDA:0,(anonymous_23)
FNDA:0,(anonymous_24)
FNDA:0,(anonymous_25)
FNDA:0,(anonymous_26)
FNDA:0,(anonymous_27)
FNDA:0,(anonymous_28)
FNDA:0,(anonymous_29)
FNDA:0,(anonymous_30)
FNDA:0,(anonymous_31)
FNDA:0,(anonymous_32)
FNDA:0,(anonymous_33)
FNDA:0,(anonymous_34)
FNDA:0,(anonymous_35)
FNDA:0,(anonymous_36)
FNDA:0,(anonymous_37)
FNDA:0,(anonymous_38)
FNDA:0,(anonymous_39)
FNDA:0,(anonymous_40)
FNDA:0,(anonymous_41)
FNDA:0,(anonymous_42)
FNDA:0,(anonymous_43)
FNDA:0,(anonymous_44)
FNDA:0,(anonymous_45)
FNDA:0,(anonymous_46)
DA:3,1
DA:4,1
DA:7,1
DA:8,0
DA:10,0
DA:11,0
DA:12,0
DA:13,0
DA:14,0
DA:15,0
DA:17,0
DA:18,0
DA:19,0
DA:20,0
DA:24,0
DA:25,0
DA:29,0
DA:30,0
DA:31,0
DA:32,0
DA:34,0
DA:35,0
DA:38,0
DA:41,0
DA:42,0
DA:43,0
DA:45,0
DA:48,0
DA:49,0
DA:50,0
DA:52,0
DA:56,0
DA:57,0
DA:66,0
DA:69,0
DA:73,0
DA:74,0
DA:83,0
DA:86,0
DA:91,0
DA:92,0
DA:96,0
DA:99,0
DA:100,0
DA:103,0
DA:104,0
DA:105,0
DA:111,0
DA:112,0
DA:113,0
DA:115,0
DA:116,0
DA:118,0
DA:121,0
DA:127,0
DA:128,0
DA:129,0
DA:131,0
DA:132,0
DA:134,0
DA:137,0
DA:143,0
DA:144,0
DA:145,0
DA:147,0
DA:148,0
DA:150,0
DA:153,0
DA:159,0
DA:160,0
DA:161,0
DA:163,0
DA:164,0
DA:166,0
DA:169,0
DA:174,0
DA:179,0
DA:182,0
DA:185,0
DA:196,0
DA:203,0
DA:206,0
DA:230,0
LF:83
LH:3
BRDA:24,0,0,0
BRDA:24,0,1,0
BRDA:42,1,0,0
BRDA:42,1,1,0
BRDA:49,2,0,0
BRDA:49,2,1,0
BRDA:112,3,0,0
BRDA:112,3,1,0
BRDA:128,4,0,0
BRDA:128,4,1,0
BRDA:144,5,0,0
BRDA:144,5,1,0
BRDA:160,6,0,0
BRDA:160,6,1,0
BRDA:177,7,0,0
BRDA:177,7,1,0
BRDA:182,8,0,0
BRDA:182,8,1,0
BRDA:182,9,0,0
BRDA:182,9,1,0
BRDA:186,10,0,0
BRDA:186,10,1,0
BRDA:206,11,0,0
BRDA:206,11,1,0
BRDA:206,12,0,0
BRDA:206,12,1,0
BRDA:212,13,0,0
BRDA:212,13,1,0
BRDA:212,13,2,0
BRDA:213,14,0,0
BRDA:213,14,1,0
BRDA:213,14,2,0
BRDA:218,15,0,0
BRDA:218,15,1,0
BRDA:221,16,0,0
BRDA:221,16,1,0
BRF:36
BRH:0
end_of_record
TN:
SF:public/src/Related.jsx
FN:11,(anonymous_0)
FN:21,(anonymous_1)
FN:26,(anonymous_2)
FN:33,(anonymous_3)
FN:66,(anonymous_4)
FN:71,(anonymous_5)
FN:78,(anonymous_6)
FN:87,(anonymous_7)
FN:95,relatedEntriesMapped
FN:98,(anonymous_9)
FN:100,(anonymous_10)
FN:111,outfitEntriesMapped
FN:112,(anonymous_12)
FN:121,(anonymous_13)
FN:128,changeIndex
FN:132,(anonymous_15)
FN:133,(anonymous_16)
FN:139,(anonymous_17)
FN:140,(anonymous_18)
FN:146,(anonymous_19)
FN:147,(anonymous_20)
FN:153,(anonymous_21)
FN:154,(anonymous_22)
FN:159,handleContainerSelect
FN:166,AddToOutfit_Click
FN:185,(anonymous_25)
FN:187,(anonymous_26)
FN:194,DeleteFromOutfit_Click
FN:208,formatData
FN:233,calculateStars
FN:249,Stars
FN:258,(anonymous_31)
FN:279,ratingToArray
FNF:33
FNH:0
FNDA:0,(anonymous_0)
FNDA:0,(anonymous_1)
FNDA:0,(anonymous_2)
FNDA:0,(anonymous_3)
FNDA:0,(anonymous_4)
FNDA:0,(anonymous_5)
FNDA:0,(anonymous_6)
FNDA:0,(anonymous_7)
FNDA:0,relatedEntriesMapped
FNDA:0,(anonymous_9)
FNDA:0,(anonymous_10)
FNDA:0,outfitEntriesMapped
FNDA:0,(anonymous_12)
FNDA:0,(anonymous_13)
FNDA:0,changeIndex
FNDA:0,(anonymous_15)
FNDA:0,(anonymous_16)
FNDA:0,(anonymous_17)
FNDA:0,(anonymous_18)
FNDA:0,(anonymous_19)
FNDA:0,(anonymous_20)
FNDA:0,(anonymous_21)
FNDA:0,(anonymous_22)
FNDA:0,handleContainerSelect
FNDA:0,AddToOutfit_Click
FNDA:0,(anonymous_25)
FNDA:0,(anonymous_26)
FNDA:0,DeleteFromOutfit_Click
FNDA:0,formatData
FNDA:0,calculateStars
FNDA:0,Stars
FNDA:0,(anonymous_31)
FNDA:0,ratingToArray
DA:4,1
DA:11,1
DA:13,0
DA:14,0
DA:15,0
DA:17,0
DA:18,0
DA:19,0
DA:20,0
DA:21,0
DA:23,0
DA:24,0
DA:25,0
DA:26,0
DA:28,0
DA:30,0
DA:31,0
DA:33,0
DA:35,0
DA:37,0
DA:39,0
DA:43,0
DA:66,0
DA:71,0
DA:78,0
DA:87,0
DA:98,0
DA:99,0
DA:100,0
DA:112,0
DA:113,0
DA:121,0
DA:129,0
DA:131,0
DA:132,0
DA:133,0
DA:136,0
DA:138,0
DA:139,0
DA:140,0
DA:143,0
DA:145,0
DA:146,0
DA:147,0
DA:150,0
DA:152,0
DA:153,0
DA:154,0
DA:161,0
DA:162,0
DA:167,0
DA:168,0
DA:169,0
DA:172,0
DA:175,0
DA:178,0
DA:181,0
DA:182,0
DA:184,0
DA:185,0
DA:186,0
DA:187,0
DA:188,0
DA:192,0
DA:196,0
DA:197,0
DA:198,0
DA:199,0
DA:202,0
DA:210,0
DA:211,0
DA:212,0
DA:213,0
DA:214,0
DA:217,0
DA:227,0
DA:230,0
DA:235,0
DA:236,0
DA:237,0
DA:238,0
DA:239,0
DA:240,0
DA:241,0
DA:242,0
DA:244,0
DA:245,0
DA:247,0
DA:252,0
DA:253,0
DA:254,0
DA:255,0
DA:259,0
DA:281,0
DA:282,0
DA:283,0
DA:285,0
DA:286,0
DA:288,0
DA:293,0
DA:294,0
DA:296,0
LF:102
LH:2
BRDA:17,0,0,0
BRDA:17,0,1,0
BRDA:23,1,0,0
BRDA:23,1,1,0
BRDA:66,2,0,0
BRDA:66,2,1,0
BRDA:69,3,0,0
BRDA:69,3,1,0
BRDA:71,4,0,0
BRDA:71,4,1,0
BRDA:78,5,0,0
BRDA:78,5,1,0
BRDA:85,6,0,0
BRDA:85,6,1,0
BRDA:87,7,0,0
BRDA:87,7,1,0
BRDA:129,8,0,0
BRDA:129,8,1,0
BRDA:129,9,0,0
BRDA:129,9,1,0
BRDA:131,10,0,0
BRDA:131,10,1,0
BRDA:136,11,0,0
BRDA:136,11,1,0
BRDA:136,12,0,0
BRDA:136,12,1,0
BRDA:138,13,0,0
BRDA:138,13,1,0
BRDA:143,14,0,0
BRDA:143,14,1,0
BRDA:143,15,0,0
BRDA:143,15,1,0
BRDA:145,16,0,0
BRDA:145,16,1,0
BRDA:150,17,0,0
BRDA:150,17,1,0
BRDA:150,18,0,0
BRDA:150,18,1,0
BRDA:152,19,0,0
BRDA:152,19,1,0
BRDA:198,20,0,0
BRDA:198,20,1,0
BRDA:213,21,0,0
BRDA:213,21,1,0
BRF:44
BRH:0
end_of_record
TN:
SF:public/src/Related_ActionButton_Star.jsx
FN:6,(anonymous_0)
FN:14,(anonymous_1)
FN:21,(anonymous_2)
FN:46,(anonymous_3)
FN:67,starClick
FN:71,(anonymous_5)
FN:75,(anonymous_6)
FN:77,(anonymous_7)
FNF:8
FNH:0
FNDA:0,(anonymous_0)
FNDA:0,(anonymous_1)
FNDA:0,(anonymous_2)
FNDA:0,(anonymous_3)
FNDA:0,starClick
FNDA:0,(anonymous_5)
FNDA:0,(anonymous_6)
FNDA:0,(anonymous_7)
DA:6,1
DA:8,0
DA:9,0
DA:10,0
DA:11,0
DA:12,0
DA:14,0
DA:18,0
DA:19,0
DA:22,0
DA:24,0
DA:47,0
DA:70,0
DA:71,0
DA:73,0
DA:74,0
DA:77,0
DA:78,0
DA:79,0
DA:81,0
DA:82,0
DA:86,0
LF:22
LH:1
BRDA:37,0,0,0
BRDA:37,0,1,0
BRF:2
BRH:0
end_of_record
TN:
SF:public/src/Styled Components/comparing-modal.styled.js
FN:49,(anonymous_0)
FNF:1
FNH:0
FNDA:0,(anonymous_0)
DA:5,1
DA:10,1
DA:16,1
DA:20,1
DA:27,1
DA:34,1
DA:39,1
DA:44,1
DA:49,0
LF:9
LH:8
BRF:0
BRH:0
end_of_record
TN:
SF:public/src/Styled Components/RelatedItems+Comparison/container-outfit.styled.js
FNF:0
FNH:0
DA:6,1
DA:17,1
DA:27,1
DA:36,1
LF:4
LH:4
BRF:0
BRH:0
end_of_record
TN:
SF:public/src/Styled Components/RelatedItems+Comparison/container-related-outfit.styled.js
FNF:0
FNH:0
DA:4,1
DA:14,1
DA:25,1
LF:3
LH:3
BRF:0
BRH:0
end_of_record
TN:
SF:public/src/Styled Components/RelatedItems+Comparison/container-related.styled.js
FN:26,(anonymous_0)
FN:82,(anonymous_1)
FN:121,(anonymous_2)
FNF:3
FNH:0
FNDA:0,(anonymous_0)
FNDA:0,(anonymous_1)
FNDA:0,(anonymous_2)
DA:4,1
DA:17,1
DA:18,1
DA:26,0
DA:34,1
DA:41,1
DA:51,1
DA:59,1
DA:66,1
DA:82,1
DA:83,0
DA:84,0
DA:89,0
DA:90,0
DA:102,1
DA:108,1
DA:121,1
DA:122,0
DA:123,0
DA:127,0
DA:128,0
DA:143,1
LF:22
LH:13
BRDA:83,0,0,0
BRDA:83,0,1,0
BRDA:122,1,0,0
BRDA:122,1,1,0
BRF:4
BRH:0
end_of_record
