TN:
SF:public/src/Related.jsx
FN:9,(anonymous_0)
FN:14,(anonymous_1)
FN:21,(anonymous_2)
FN:28,(anonymous_3)
FN:56,(anonymous_4)
FN:90,(anonymous_5)
FN:113,AddToOutfit_Click
FN:132,(anonymous_7)
FN:134,(anonymous_8)
FN:141,DeleteFromOutfit_Click
FN:147,formatData
FN:172,calculateStars
FN:188,Stars
FN:197,(anonymous_13)
FN:218,ratingToArray
FNF:15
FNH:1
FNDA:1,(anonymous_0)
FNDA:0,(anonymous_1)
FNDA:0,(anonymous_2)
FNDA:0,(anonymous_3)
FNDA:0,(anonymous_4)
FNDA:0,(anonymous_5)
FNDA:0,AddToOutfit_Click
FNDA:0,(anonymous_7)
FNDA:0,(anonymous_8)
FNDA:0,DeleteFromOutfit_Click
FNDA:0,formatData
FNDA:0,calculateStars
FNDA:0,Stars
FNDA:0,(anonymous_13)
FNDA:0,ratingToArray
DA:3,1
DA:9,1
DA:10,1
DA:11,1
DA:12,1
DA:14,1
DA:15,0
DA:16,0
DA:19,0
DA:20,0
DA:21,0
DA:23,0
DA:25,0
DA:26,0
DA:28,0
DA:30,0
DA:32,0
DA:37,1
DA:57,0
DA:91,0
DA:114,0
DA:115,0
DA:116,0
DA:119,0
DA:122,0
DA:125,0
DA:128,0
DA:129,0
DA:131,0
DA:132,0
DA:133,0
DA:134,0
DA:135,0
DA:139,0
DA:142,0
DA:149,0
DA:150,0
DA:151,0
DA:152,0
DA:153,0
DA:156,0
DA:166,0
DA:169,0
DA:174,0
DA:175,0
DA:176,0
DA:177,0
DA:178,0
DA:179,0
DA:180,0
DA:181,0
DA:183,0
DA:184,0
DA:186,0
DA:191,0
DA:192,0
DA:193,0
DA:194,0
DA:198,0
DA:220,0
DA:221,0
DA:222,0
DA:224,0
DA:225,0
DA:227,0
DA:232,0
DA:233,0
DA:235,0
LF:68
LH:7
BRDA:15,0,0,0
BRDA:15,0,1,0
BRDA:55,1,0,1
BRDA:55,1,1,0
BRDA:89,2,0,1
BRDA:89,2,1,0
BRDA:152,3,0,0
BRDA:152,3,1,0
BRF:8
BRH:2
end_of_record
TN:
SF:public/src/Related_ActionButton_Star.jsx
FN:6,(anonymous_0)
FN:13,(anonymous_1)
FN:44,(anonymous_2)
FN:65,starClick
FN:67,(anonymous_4)
FN:71,(anonymous_5)
FN:73,(anonymous_6)
FNF:7
FNH:0
FNDA:0,(anonymous_0)
FNDA:0,(anonymous_1)
FNDA:0,(anonymous_2)
FNDA:0,starClick
FNDA:0,(anonymous_4)
FNDA:0,(anonymous_5)
FNDA:0,(anonymous_6)
DA:6,1
DA:8,0
DA:9,0
DA:10,0
DA:11,0
DA:13,0
DA:14,0
DA:17,0
DA:18,0
DA:45,0
DA:66,0
DA:67,0
DA:69,0
DA:70,0
DA:72,0
DA:73,0
DA:74,0
DA:75,0
DA:77,0
DA:78,0
DA:80,0
DA:81,0
DA:82,0
LF:23
LH:1
BRDA:35,0,0,0
BRDA:35,0,1,0
BRF:2
BRH:0
end_of_record
TN:
SF:public/src/Styled Components/comparing-modal.styled.js
FN:49,(anonymous_0)
FNF:1
FNH:0
FNDA:0,(anonymous_0)
DA:5,1
DA:10,1
DA:16,1
DA:20,1
DA:27,1
DA:34,1
DA:39,1
DA:44,1
DA:49,0
LF:9
LH:8
BRF:0
BRH:0
end_of_record
TN:
SF:public/src/Styled Components/RelatedItems+Comparison/container-outfit.styled.js
FNF:0
FNH:0
DA:6,1
DA:17,1
DA:28,1
DA:38,1
LF:4
LH:4
BRF:0
BRH:0
end_of_record
TN:
SF:public/src/Styled Components/RelatedItems+Comparison/container-related.styled.js
FN:24,(anonymous_0)
FNF:1
FNH:0
FNDA:0,(anonymous_0)
DA:4,1
DA:15,1
DA:16,1
DA:24,0
DA:32,1
DA:39,1
DA:49,1
LF:7
LH:6
BRF:0
BRH:0
end_of_record
